{"/Users/efebarandurmaz/Desktop/sardis/packages/sardis-sdk-js/src/client.ts": {"path":"/Users/efebarandurmaz/Desktop/sardis/packages/sardis-sdk-js/src/client.ts","all":false,"statementMap":{"0":{"start":{"line":1,"column":0},"end":{"line":1,"column":3}},"1":{"start":{"line":2,"column":0},"end":{"line":2,"column":31}},"2":{"start":{"line":3,"column":0},"end":{"line":3,"column":3}},"3":{"start":{"line":4,"column":0},"end":{"line":4,"column":0}},"4":{"start":{"line":5,"column":0},"end":{"line":5,"column":57}},"5":{"start":{"line":6,"column":0},"end":{"line":6,"column":76}},"6":{"start":{"line":7,"column":0},"end":{"line":7,"column":59}},"7":{"start":{"line":8,"column":0},"end":{"line":8,"column":53}},"8":{"start":{"line":9,"column":0},"end":{"line":9,"column":59}},"9":{"start":{"line":10,"column":0},"end":{"line":10,"column":65}},"10":{"start":{"line":11,"column":0},"end":{"line":11,"column":67}},"11":{"start":{"line":12,"column":0},"end":{"line":12,"column":55}},"12":{"start":{"line":13,"column":0},"end":{"line":13,"column":57}},"13":{"start":{"line":14,"column":0},"end":{"line":14,"column":54}},"14":{"start":{"line":15,"column":0},"end":{"line":15,"column":0}},"15":{"start":{"line":16,"column":0},"end":{"line":16,"column":54}},"16":{"start":{"line":17,"column":0},"end":{"line":17,"column":30}},"17":{"start":{"line":18,"column":0},"end":{"line":18,"column":30}},"18":{"start":{"line":19,"column":0},"end":{"line":19,"column":0}},"19":{"start":{"line":20,"column":0},"end":{"line":20,"column":3}},"20":{"start":{"line":21,"column":0},"end":{"line":21,"column":20}},"21":{"start":{"line":22,"column":0},"end":{"line":22,"column":2}},"22":{"start":{"line":23,"column":0},"end":{"line":23,"column":47}},"23":{"start":{"line":24,"column":0},"end":{"line":24,"column":55}},"24":{"start":{"line":25,"column":0},"end":{"line":25,"column":61}},"25":{"start":{"line":26,"column":0},"end":{"line":26,"column":43}},"26":{"start":{"line":27,"column":0},"end":{"line":27,"column":50}},"27":{"start":{"line":28,"column":0},"end":{"line":28,"column":56}},"28":{"start":{"line":29,"column":0},"end":{"line":29,"column":33}},"29":{"start":{"line":30,"column":0},"end":{"line":30,"column":2}},"30":{"start":{"line":31,"column":0},"end":{"line":31,"column":11}},"31":{"start":{"line":32,"column":0},"end":{"line":32,"column":16}},"32":{"start":{"line":33,"column":0},"end":{"line":33,"column":36}},"33":{"start":{"line":34,"column":0},"end":{"line":34,"column":28}},"34":{"start":{"line":35,"column":0},"end":{"line":35,"column":6}},"35":{"start":{"line":36,"column":0},"end":{"line":36,"column":2}},"36":{"start":{"line":37,"column":0},"end":{"line":37,"column":23}},"37":{"start":{"line":38,"column":0},"end":{"line":38,"column":64}},"38":{"start":{"line":39,"column":0},"end":{"line":39,"column":2}},"39":{"start":{"line":40,"column":0},"end":{"line":40,"column":19}},"40":{"start":{"line":41,"column":0},"end":{"line":41,"column":43}},"41":{"start":{"line":42,"column":0},"end":{"line":42,"column":29}},"42":{"start":{"line":43,"column":0},"end":{"line":43,"column":22}},"43":{"start":{"line":44,"column":0},"end":{"line":44,"column":6}},"44":{"start":{"line":45,"column":0},"end":{"line":45,"column":6}},"45":{"start":{"line":46,"column":0},"end":{"line":46,"column":3}},"46":{"start":{"line":47,"column":0},"end":{"line":47,"column":27}},"47":{"start":{"line":48,"column":0},"end":{"line":48,"column":30}},"48":{"start":{"line":49,"column":0},"end":{"line":49,"column":29}},"49":{"start":{"line":50,"column":0},"end":{"line":50,"column":0}},"50":{"start":{"line":51,"column":0},"end":{"line":51,"column":27}},"51":{"start":{"line":52,"column":0},"end":{"line":52,"column":45}},"52":{"start":{"line":53,"column":0},"end":{"line":53,"column":44}},"53":{"start":{"line":54,"column":0},"end":{"line":54,"column":39}},"54":{"start":{"line":55,"column":0},"end":{"line":55,"column":40}},"55":{"start":{"line":56,"column":0},"end":{"line":56,"column":45}},"56":{"start":{"line":57,"column":0},"end":{"line":57,"column":35}},"57":{"start":{"line":58,"column":0},"end":{"line":58,"column":51}},"58":{"start":{"line":59,"column":0},"end":{"line":59,"column":39}},"59":{"start":{"line":60,"column":0},"end":{"line":60,"column":53}},"60":{"start":{"line":61,"column":0},"end":{"line":61,"column":32}},"61":{"start":{"line":62,"column":0},"end":{"line":62,"column":41}},"62":{"start":{"line":63,"column":0},"end":{"line":63,"column":42}},"63":{"start":{"line":64,"column":0},"end":{"line":64,"column":43}},"64":{"start":{"line":65,"column":0},"end":{"line":65,"column":0}},"65":{"start":{"line":66,"column":0},"end":{"line":66,"column":45}},"66":{"start":{"line":67,"column":0},"end":{"line":67,"column":26}},"67":{"start":{"line":68,"column":0},"end":{"line":68,"column":45}},"68":{"start":{"line":69,"column":0},"end":{"line":69,"column":5}},"69":{"start":{"line":70,"column":0},"end":{"line":70,"column":0}},"70":{"start":{"line":71,"column":0},"end":{"line":71,"column":64}},"71":{"start":{"line":72,"column":0},"end":{"line":72,"column":0}},"72":{"start":{"line":73,"column":0},"end":{"line":73,"column":30}},"73":{"start":{"line":74,"column":0},"end":{"line":74,"column":72}},"74":{"start":{"line":75,"column":0},"end":{"line":75,"column":50}},"75":{"start":{"line":76,"column":0},"end":{"line":76,"column":16}},"76":{"start":{"line":77,"column":0},"end":{"line":77,"column":36}},"77":{"start":{"line":78,"column":0},"end":{"line":78,"column":43}},"78":{"start":{"line":79,"column":0},"end":{"line":79,"column":42}},"79":{"start":{"line":80,"column":0},"end":{"line":80,"column":8}},"80":{"start":{"line":81,"column":0},"end":{"line":81,"column":7}},"81":{"start":{"line":82,"column":0},"end":{"line":82,"column":0}},"82":{"start":{"line":83,"column":0},"end":{"line":83,"column":27}},"83":{"start":{"line":84,"column":0},"end":{"line":84,"column":47}},"84":{"start":{"line":85,"column":0},"end":{"line":85,"column":41}},"85":{"start":{"line":86,"column":0},"end":{"line":86,"column":47}},"86":{"start":{"line":87,"column":0},"end":{"line":87,"column":53}},"87":{"start":{"line":88,"column":0},"end":{"line":88,"column":55}},"88":{"start":{"line":89,"column":0},"end":{"line":89,"column":43}},"89":{"start":{"line":90,"column":0},"end":{"line":90,"column":45}},"90":{"start":{"line":91,"column":0},"end":{"line":91,"column":3}},"91":{"start":{"line":92,"column":0},"end":{"line":92,"column":0}},"92":{"start":{"line":93,"column":0},"end":{"line":93,"column":5}},"93":{"start":{"line":94,"column":0},"end":{"line":94,"column":42}},"94":{"start":{"line":95,"column":0},"end":{"line":95,"column":5}},"95":{"start":{"line":96,"column":0},"end":{"line":96,"column":19}},"96":{"start":{"line":97,"column":0},"end":{"line":97,"column":19}},"97":{"start":{"line":98,"column":0},"end":{"line":98,"column":17}},"98":{"start":{"line":99,"column":0},"end":{"line":99,"column":66}},"99":{"start":{"line":100,"column":0},"end":{"line":100,"column":17}},"100":{"start":{"line":101,"column":0},"end":{"line":101,"column":37}},"101":{"start":{"line":102,"column":0},"end":{"line":102,"column":0}},"102":{"start":{"line":103,"column":0},"end":{"line":103,"column":65}},"103":{"start":{"line":104,"column":0},"end":{"line":104,"column":11}},"104":{"start":{"line":105,"column":0},"end":{"line":105,"column":53}},"105":{"start":{"line":106,"column":0},"end":{"line":106,"column":17}},"106":{"start":{"line":107,"column":0},"end":{"line":107,"column":20}},"107":{"start":{"line":108,"column":0},"end":{"line":108,"column":34}},"108":{"start":{"line":109,"column":0},"end":{"line":109,"column":30}},"109":{"start":{"line":110,"column":0},"end":{"line":110,"column":11}},"110":{"start":{"line":111,"column":0},"end":{"line":111,"column":0}},"111":{"start":{"line":112,"column":0},"end":{"line":112,"column":29}},"112":{"start":{"line":113,"column":0},"end":{"line":113,"column":23}},"113":{"start":{"line":114,"column":0},"end":{"line":114,"column":40}},"114":{"start":{"line":115,"column":0},"end":{"line":115,"column":74}},"115":{"start":{"line":116,"column":0},"end":{"line":116,"column":0}},"116":{"start":{"line":117,"column":0},"end":{"line":117,"column":33}},"117":{"start":{"line":118,"column":0},"end":{"line":118,"column":52}},"118":{"start":{"line":119,"column":0},"end":{"line":119,"column":40}},"119":{"start":{"line":120,"column":0},"end":{"line":120,"column":74}},"120":{"start":{"line":121,"column":0},"end":{"line":121,"column":16}},"121":{"start":{"line":122,"column":0},"end":{"line":122,"column":14}},"122":{"start":{"line":123,"column":0},"end":{"line":123,"column":48}},"123":{"start":{"line":124,"column":0},"end":{"line":124,"column":50}},"124":{"start":{"line":125,"column":0},"end":{"line":125,"column":23}},"125":{"start":{"line":126,"column":0},"end":{"line":126,"column":13}},"126":{"start":{"line":127,"column":0},"end":{"line":127,"column":72}},"127":{"start":{"line":128,"column":0},"end":{"line":128,"column":11}},"128":{"start":{"line":129,"column":0},"end":{"line":129,"column":0}},"129":{"start":{"line":130,"column":0},"end":{"line":130,"column":41}},"130":{"start":{"line":131,"column":0},"end":{"line":131,"column":52}},"131":{"start":{"line":132,"column":0},"end":{"line":132,"column":44}},"132":{"start":{"line":133,"column":0},"end":{"line":133,"column":11}},"133":{"start":{"line":134,"column":0},"end":{"line":134,"column":0}},"134":{"start":{"line":135,"column":0},"end":{"line":135,"column":36}},"135":{"start":{"line":136,"column":0},"end":{"line":136,"column":81}},"136":{"start":{"line":137,"column":0},"end":{"line":137,"column":40}},"137":{"start":{"line":138,"column":0},"end":{"line":138,"column":41}},"138":{"start":{"line":139,"column":0},"end":{"line":139,"column":44}},"139":{"start":{"line":140,"column":0},"end":{"line":140,"column":14}},"140":{"start":{"line":141,"column":0},"end":{"line":141,"column":11}},"141":{"start":{"line":142,"column":0},"end":{"line":142,"column":0}},"142":{"start":{"line":143,"column":0},"end":{"line":143,"column":45}},"143":{"start":{"line":144,"column":0},"end":{"line":144,"column":75}},"144":{"start":{"line":145,"column":0},"end":{"line":145,"column":39}},"145":{"start":{"line":146,"column":0},"end":{"line":146,"column":48}},"146":{"start":{"line":147,"column":0},"end":{"line":147,"column":60}},"147":{"start":{"line":148,"column":0},"end":{"line":148,"column":23}},"148":{"start":{"line":149,"column":0},"end":{"line":149,"column":13}},"149":{"start":{"line":150,"column":0},"end":{"line":150,"column":11}},"150":{"start":{"line":151,"column":0},"end":{"line":151,"column":9}},"151":{"start":{"line":152,"column":0},"end":{"line":152,"column":0}},"152":{"start":{"line":153,"column":0},"end":{"line":153,"column":20}},"153":{"start":{"line":154,"column":0},"end":{"line":154,"column":7}},"154":{"start":{"line":155,"column":0},"end":{"line":155,"column":5}},"155":{"start":{"line":156,"column":0},"end":{"line":156,"column":0}},"156":{"start":{"line":157,"column":0},"end":{"line":157,"column":20}},"157":{"start":{"line":158,"column":0},"end":{"line":158,"column":22}},"158":{"start":{"line":159,"column":0},"end":{"line":159,"column":5}},"159":{"start":{"line":160,"column":0},"end":{"line":160,"column":0}},"160":{"start":{"line":161,"column":0},"end":{"line":161,"column":62}},"161":{"start":{"line":162,"column":0},"end":{"line":162,"column":3}},"162":{"start":{"line":163,"column":0},"end":{"line":163,"column":0}},"163":{"start":{"line":164,"column":0},"end":{"line":164,"column":5}},"164":{"start":{"line":165,"column":0},"end":{"line":165,"column":28}},"165":{"start":{"line":166,"column":0},"end":{"line":166,"column":5}},"166":{"start":{"line":167,"column":0},"end":{"line":167,"column":65}},"167":{"start":{"line":168,"column":0},"end":{"line":168,"column":80}},"168":{"start":{"line":169,"column":0},"end":{"line":169,"column":3}},"169":{"start":{"line":170,"column":0},"end":{"line":170,"column":0}},"170":{"start":{"line":171,"column":0},"end":{"line":171,"column":44}},"171":{"start":{"line":172,"column":0},"end":{"line":172,"column":61}},"172":{"start":{"line":173,"column":0},"end":{"line":173,"column":3}},"173":{"start":{"line":174,"column":0},"end":{"line":174,"column":1}}},"s":{"0":1,"1":1,"2":1,"3":1,"4":1,"5":1,"6":1,"7":1,"8":1,"9":1,"10":1,"11":1,"12":1,"13":1,"14":1,"15":1,"16":1,"17":1,"18":1,"19":1,"20":1,"21":1,"22":1,"23":1,"24":1,"25":1,"26":1,"27":1,"28":1,"29":1,"30":1,"31":1,"32":1,"33":1,"34":1,"35":1,"36":1,"37":1,"38":1,"39":1,"40":1,"41":1,"42":1,"43":1,"44":1,"45":1,"46":1,"47":1,"48":1,"49":1,"50":1,"51":1,"52":1,"53":1,"54":1,"55":1,"56":1,"57":1,"58":1,"59":1,"60":1,"61":1,"62":1,"63":1,"64":1,"65":1,"66":108,"67":1,"68":1,"69":107,"70":108,"71":108,"72":108,"73":108,"74":108,"75":108,"76":108,"77":108,"78":108,"79":108,"80":108,"81":108,"82":108,"83":108,"84":108,"85":108,"86":108,"87":108,"88":108,"89":108,"90":108,"91":1,"92":1,"93":1,"94":1,"95":1,"96":123,"97":123,"98":123,"99":123,"100":123,"101":123,"102":123,"103":126,"104":126,"105":126,"106":126,"107":126,"108":126,"109":126,"110":108,"111":108,"112":126,"113":18,"114":18,"115":18,"116":18,"117":18,"118":2,"119":2,"120":2,"121":2,"122":2,"123":1,"124":1,"125":1,"126":1,"127":1,"128":16,"129":16,"130":18,"131":1,"132":1,"133":15,"134":15,"135":18,"136":12,"137":12,"138":12,"139":12,"140":12,"141":3,"142":3,"143":18,"144":3,"145":3,"146":2,"147":2,"148":2,"149":3,"150":18,"151":1,"152":1,"153":1,"154":126,"155":0,"156":0,"157":0,"158":0,"159":0,"160":0,"161":123,"162":1,"163":1,"164":1,"165":1,"166":1,"167":1,"168":1,"169":1,"170":1,"171":3,"172":3,"173":1},"branchMap":{"0":{"type":"branch","line":66,"loc":{"start":{"line":66,"column":2},"end":{"line":91,"column":3}},"locations":[{"start":{"line":66,"column":2},"end":{"line":91,"column":3}}]},"1":{"type":"branch","line":67,"loc":{"start":{"line":67,"column":25},"end":{"line":69,"column":5}},"locations":[{"start":{"line":67,"column":25},"end":{"line":69,"column":5}}]},"2":{"type":"branch","line":69,"loc":{"start":{"line":69,"column":4},"end":{"line":71,"column":44}},"locations":[{"start":{"line":69,"column":4},"end":{"line":71,"column":44}}]},"3":{"type":"branch","line":71,"loc":{"start":{"line":71,"column":30},"end":{"line":71,"column":64}},"locations":[{"start":{"line":71,"column":30},"end":{"line":71,"column":64}}]},"4":{"type":"branch","line":74,"loc":{"start":{"line":74,"column":24},"end":{"line":74,"column":53}},"locations":[{"start":{"line":74,"column":24},"end":{"line":74,"column":53}}]},"5":{"type":"branch","line":75,"loc":{"start":{"line":75,"column":23},"end":{"line":75,"column":50}},"locations":[{"start":{"line":75,"column":23},"end":{"line":75,"column":50}}]},"6":{"type":"branch","line":96,"loc":{"start":{"line":96,"column":2},"end":{"line":162,"column":3}},"locations":[{"start":{"line":96,"column":2},"end":{"line":162,"column":3}}]},"7":{"type":"branch","line":103,"loc":{"start":{"line":103,"column":64},"end":{"line":155,"column":5}},"locations":[{"start":{"line":103,"column":64},"end":{"line":155,"column":5}}]},"8":{"type":"branch","line":108,"loc":{"start":{"line":108,"column":18},"end":{"line":108,"column":34}},"locations":[{"start":{"line":108,"column":18},"end":{"line":108,"column":34}}]},"9":{"type":"branch","line":109,"loc":{"start":{"line":109,"column":16},"end":{"line":109,"column":30}},"locations":[{"start":{"line":109,"column":16},"end":{"line":109,"column":30}}]},"10":{"type":"branch","line":110,"loc":{"start":{"line":110,"column":9},"end":{"line":113,"column":15}},"locations":[{"start":{"line":110,"column":9},"end":{"line":113,"column":15}}]},"11":{"type":"branch","line":113,"loc":{"start":{"line":113,"column":6},"end":{"line":154,"column":7}},"locations":[{"start":{"line":113,"column":6},"end":{"line":154,"column":7}}]},"12":{"type":"branch","line":118,"loc":{"start":{"line":118,"column":25},"end":{"line":118,"column":46}},"locations":[{"start":{"line":118,"column":25},"end":{"line":118,"column":46}}]},"13":{"type":"branch","line":118,"loc":{"start":{"line":118,"column":51},"end":{"line":128,"column":11}},"locations":[{"start":{"line":118,"column":51},"end":{"line":128,"column":11}}]},"14":{"type":"branch","line":120,"loc":{"start":{"line":120,"column":55},"end":{"line":120,"column":74}},"locations":[{"start":{"line":120,"column":55},"end":{"line":120,"column":74}}]},"15":{"type":"branch","line":123,"loc":{"start":{"line":123,"column":47},"end":{"line":128,"column":11}},"locations":[{"start":{"line":123,"column":47},"end":{"line":128,"column":11}}]},"16":{"type":"branch","line":128,"loc":{"start":{"line":128,"column":10},"end":{"line":131,"column":35}},"locations":[{"start":{"line":128,"column":10},"end":{"line":131,"column":35}}]},"17":{"type":"branch","line":131,"loc":{"start":{"line":131,"column":25},"end":{"line":131,"column":46}},"locations":[{"start":{"line":131,"column":25},"end":{"line":131,"column":46}}]},"18":{"type":"branch","line":131,"loc":{"start":{"line":131,"column":51},"end":{"line":133,"column":11}},"locations":[{"start":{"line":131,"column":51},"end":{"line":133,"column":11}}]},"19":{"type":"branch","line":133,"loc":{"start":{"line":133,"column":10},"end":{"line":136,"column":35}},"locations":[{"start":{"line":133,"column":10},"end":{"line":136,"column":35}}]},"20":{"type":"branch","line":136,"loc":{"start":{"line":136,"column":25},"end":{"line":136,"column":45}},"locations":[{"start":{"line":136,"column":25},"end":{"line":136,"column":45}}]},"21":{"type":"branch","line":136,"loc":{"start":{"line":136,"column":35},"end":{"line":136,"column":80}},"locations":[{"start":{"line":136,"column":35},"end":{"line":136,"column":80}}]},"22":{"type":"branch","line":136,"loc":{"start":{"line":136,"column":80},"end":{"line":141,"column":11}},"locations":[{"start":{"line":136,"column":80},"end":{"line":141,"column":11}}]},"23":{"type":"branch","line":139,"loc":{"start":{"line":139,"column":34},"end":{"line":139,"column":44}},"locations":[{"start":{"line":139,"column":34},"end":{"line":139,"column":44}}]},"24":{"type":"branch","line":141,"loc":{"start":{"line":141,"column":10},"end":{"line":144,"column":74}},"locations":[{"start":{"line":141,"column":10},"end":{"line":144,"column":74}}]},"25":{"type":"branch","line":144,"loc":{"start":{"line":144,"column":74},"end":{"line":150,"column":11}},"locations":[{"start":{"line":144,"column":74},"end":{"line":150,"column":11}}]},"26":{"type":"branch","line":146,"loc":{"start":{"line":146,"column":47},"end":{"line":149,"column":13}},"locations":[{"start":{"line":146,"column":47},"end":{"line":149,"column":13}}]},"27":{"type":"branch","line":151,"loc":{"start":{"line":151,"column":8},"end":{"line":154,"column":7}},"locations":[{"start":{"line":151,"column":8},"end":{"line":154,"column":7}}]},"28":{"type":"branch","line":155,"loc":{"start":{"line":155,"column":4},"end":{"line":161,"column":62}},"locations":[{"start":{"line":155,"column":4},"end":{"line":161,"column":62}}]},"29":{"type":"branch","line":167,"loc":{"start":{"line":167,"column":2},"end":{"line":169,"column":3}},"locations":[{"start":{"line":167,"column":2},"end":{"line":169,"column":3}}]},"30":{"type":"branch","line":171,"loc":{"start":{"line":171,"column":10},"end":{"line":173,"column":3}},"locations":[{"start":{"line":171,"column":10},"end":{"line":173,"column":3}}]},"31":{"type":"branch","line":172,"loc":{"start":{"line":172,"column":23},"end":{"line":172,"column":59}},"locations":[{"start":{"line":172,"column":23},"end":{"line":172,"column":59}}]}},"b":{"0":[108],"1":[1],"2":[107],"3":[101],"4":[67],"5":[106],"6":[123],"7":[126],"8":[115],"9":[115],"10":[108],"11":[18],"12":[15],"13":[2],"14":[0],"15":[1],"16":[16],"17":[13],"18":[1],"19":[15],"20":[12],"21":[12],"22":[12],"23":[0],"24":[3],"25":[3],"26":[2],"27":[1],"28":[0],"29":[1],"30":[3],"31":[3]},"fnMap":{"0":{"name":"SardisClient","decl":{"start":{"line":66,"column":2},"end":{"line":91,"column":3}},"loc":{"start":{"line":66,"column":2},"end":{"line":91,"column":3}},"line":66},"1":{"name":"request","decl":{"start":{"line":96,"column":2},"end":{"line":162,"column":3}},"loc":{"start":{"line":96,"column":2},"end":{"line":162,"column":3}},"line":96},"2":{"name":"health","decl":{"start":{"line":167,"column":2},"end":{"line":169,"column":3}},"loc":{"start":{"line":167,"column":2},"end":{"line":169,"column":3}},"line":167},"3":{"name":"sleep","decl":{"start":{"line":171,"column":10},"end":{"line":173,"column":3}},"loc":{"start":{"line":171,"column":10},"end":{"line":173,"column":3}},"line":171}},"f":{"0":108,"1":123,"2":1,"3":3}}
,"/Users/efebarandurmaz/Desktop/sardis/packages/sardis-sdk-js/src/errors.ts": {"path":"/Users/efebarandurmaz/Desktop/sardis/packages/sardis-sdk-js/src/errors.ts","all":false,"statementMap":{"0":{"start":{"line":1,"column":0},"end":{"line":1,"column":3}},"1":{"start":{"line":2,"column":0},"end":{"line":2,"column":27}},"2":{"start":{"line":3,"column":0},"end":{"line":3,"column":3}},"3":{"start":{"line":4,"column":0},"end":{"line":4,"column":0}},"4":{"start":{"line":5,"column":0},"end":{"line":5,"column":31}},"5":{"start":{"line":6,"column":0},"end":{"line":6,"column":15}},"6":{"start":{"line":7,"column":0},"end":{"line":7,"column":18}},"7":{"start":{"line":8,"column":0},"end":{"line":8,"column":36}},"8":{"start":{"line":9,"column":0},"end":{"line":9,"column":22}},"9":{"start":{"line":10,"column":0},"end":{"line":10,"column":1}},"10":{"start":{"line":11,"column":0},"end":{"line":11,"column":0}},"11":{"start":{"line":12,"column":0},"end":{"line":12,"column":3}},"12":{"start":{"line":13,"column":0},"end":{"line":13,"column":34}},"13":{"start":{"line":14,"column":0},"end":{"line":14,"column":3}},"14":{"start":{"line":15,"column":0},"end":{"line":15,"column":40}},"15":{"start":{"line":16,"column":0},"end":{"line":16,"column":31}},"16":{"start":{"line":17,"column":0},"end":{"line":17,"column":51}},"17":{"start":{"line":18,"column":0},"end":{"line":18,"column":37}},"18":{"start":{"line":19,"column":0},"end":{"line":19,"column":0}},"19":{"start":{"line":20,"column":0},"end":{"line":20,"column":14}},"20":{"start":{"line":21,"column":0},"end":{"line":21,"column":20}},"21":{"start":{"line":22,"column":0},"end":{"line":22,"column":34}},"22":{"start":{"line":23,"column":0},"end":{"line":23,"column":42}},"23":{"start":{"line":24,"column":0},"end":{"line":24,"column":22}},"24":{"start":{"line":25,"column":0},"end":{"line":25,"column":5}},"25":{"start":{"line":26,"column":0},"end":{"line":26,"column":19}},"26":{"start":{"line":27,"column":0},"end":{"line":27,"column":30}},"27":{"start":{"line":28,"column":0},"end":{"line":28,"column":21}},"28":{"start":{"line":29,"column":0},"end":{"line":29,"column":27}},"29":{"start":{"line":30,"column":0},"end":{"line":30,"column":31}},"30":{"start":{"line":31,"column":0},"end":{"line":31,"column":3}},"31":{"start":{"line":32,"column":0},"end":{"line":32,"column":0}},"32":{"start":{"line":33,"column":0},"end":{"line":33,"column":26}},"33":{"start":{"line":34,"column":0},"end":{"line":34,"column":12}},"34":{"start":{"line":35,"column":0},"end":{"line":35,"column":22}},"35":{"start":{"line":36,"column":0},"end":{"line":36,"column":28}},"36":{"start":{"line":37,"column":0},"end":{"line":37,"column":28}},"37":{"start":{"line":38,"column":0},"end":{"line":38,"column":33}},"38":{"start":{"line":39,"column":0},"end":{"line":39,"column":6}},"39":{"start":{"line":40,"column":0},"end":{"line":40,"column":3}},"40":{"start":{"line":41,"column":0},"end":{"line":41,"column":1}},"41":{"start":{"line":42,"column":0},"end":{"line":42,"column":0}},"42":{"start":{"line":43,"column":0},"end":{"line":43,"column":3}},"43":{"start":{"line":44,"column":0},"end":{"line":44,"column":31}},"44":{"start":{"line":45,"column":0},"end":{"line":45,"column":3}},"45":{"start":{"line":46,"column":0},"end":{"line":46,"column":43}},"46":{"start":{"line":47,"column":0},"end":{"line":47,"column":37}},"47":{"start":{"line":48,"column":0},"end":{"line":48,"column":0}},"48":{"start":{"line":49,"column":0},"end":{"line":49,"column":14}},"49":{"start":{"line":50,"column":0},"end":{"line":50,"column":20}},"50":{"start":{"line":51,"column":0},"end":{"line":51,"column":23}},"51":{"start":{"line":52,"column":0},"end":{"line":52,"column":31}},"52":{"start":{"line":53,"column":0},"end":{"line":53,"column":42}},"53":{"start":{"line":54,"column":0},"end":{"line":54,"column":22}},"54":{"start":{"line":55,"column":0},"end":{"line":55,"column":5}},"55":{"start":{"line":56,"column":0},"end":{"line":56,"column":45}},"56":{"start":{"line":57,"column":0},"end":{"line":57,"column":27}},"57":{"start":{"line":58,"column":0},"end":{"line":58,"column":33}},"58":{"start":{"line":59,"column":0},"end":{"line":59,"column":3}},"59":{"start":{"line":60,"column":0},"end":{"line":60,"column":0}},"60":{"start":{"line":61,"column":0},"end":{"line":61,"column":84}},"61":{"start":{"line":62,"column":0},"end":{"line":62,"column":52}},"62":{"start":{"line":63,"column":0},"end":{"line":63,"column":36}},"63":{"start":{"line":64,"column":0},"end":{"line":64,"column":58}},"64":{"start":{"line":65,"column":0},"end":{"line":65,"column":5}},"65":{"start":{"line":66,"column":0},"end":{"line":66,"column":24}},"66":{"start":{"line":67,"column":0},"end":{"line":67,"column":78}},"67":{"start":{"line":68,"column":0},"end":{"line":68,"column":17}},"68":{"start":{"line":69,"column":0},"end":{"line":69,"column":71}},"69":{"start":{"line":70,"column":0},"end":{"line":70,"column":76}},"70":{"start":{"line":71,"column":0},"end":{"line":71,"column":61}},"71":{"start":{"line":72,"column":0},"end":{"line":72,"column":6}},"72":{"start":{"line":73,"column":0},"end":{"line":73,"column":3}},"73":{"start":{"line":74,"column":0},"end":{"line":74,"column":1}},"74":{"start":{"line":75,"column":0},"end":{"line":75,"column":0}},"75":{"start":{"line":76,"column":0},"end":{"line":76,"column":3}},"76":{"start":{"line":77,"column":0},"end":{"line":77,"column":23}},"77":{"start":{"line":78,"column":0},"end":{"line":78,"column":3}},"78":{"start":{"line":79,"column":0},"end":{"line":79,"column":54}},"79":{"start":{"line":80,"column":0},"end":{"line":80,"column":63}},"80":{"start":{"line":81,"column":0},"end":{"line":81,"column":43}},"81":{"start":{"line":82,"column":0},"end":{"line":82,"column":38}},"82":{"start":{"line":83,"column":0},"end":{"line":83,"column":3}},"83":{"start":{"line":84,"column":0},"end":{"line":84,"column":1}},"84":{"start":{"line":85,"column":0},"end":{"line":85,"column":0}},"85":{"start":{"line":86,"column":0},"end":{"line":86,"column":3}},"86":{"start":{"line":87,"column":0},"end":{"line":87,"column":28}},"87":{"start":{"line":88,"column":0},"end":{"line":88,"column":3}},"88":{"start":{"line":89,"column":0},"end":{"line":89,"column":49}},"89":{"start":{"line":90,"column":0},"end":{"line":90,"column":38}},"90":{"start":{"line":91,"column":0},"end":{"line":91,"column":0}},"91":{"start":{"line":92,"column":0},"end":{"line":92,"column":77}},"92":{"start":{"line":93,"column":0},"end":{"line":93,"column":42}},"93":{"start":{"line":94,"column":0},"end":{"line":94,"column":33}},"94":{"start":{"line":95,"column":0},"end":{"line":95,"column":33}},"95":{"start":{"line":96,"column":0},"end":{"line":96,"column":3}},"96":{"start":{"line":97,"column":0},"end":{"line":97,"column":1}},"97":{"start":{"line":98,"column":0},"end":{"line":98,"column":0}},"98":{"start":{"line":99,"column":0},"end":{"line":99,"column":3}},"99":{"start":{"line":100,"column":0},"end":{"line":100,"column":19}},"100":{"start":{"line":101,"column":0},"end":{"line":101,"column":3}},"101":{"start":{"line":102,"column":0},"end":{"line":102,"column":50}},"102":{"start":{"line":103,"column":0},"end":{"line":103,"column":33}},"103":{"start":{"line":104,"column":0},"end":{"line":104,"column":0}},"104":{"start":{"line":105,"column":0},"end":{"line":105,"column":48}},"105":{"start":{"line":106,"column":0},"end":{"line":106,"column":50}},"106":{"start":{"line":107,"column":0},"end":{"line":107,"column":34}},"107":{"start":{"line":108,"column":0},"end":{"line":108,"column":23}},"108":{"start":{"line":109,"column":0},"end":{"line":109,"column":3}},"109":{"start":{"line":110,"column":0},"end":{"line":110,"column":1}},"110":{"start":{"line":111,"column":0},"end":{"line":111,"column":0}},"111":{"start":{"line":112,"column":0},"end":{"line":112,"column":3}},"112":{"start":{"line":113,"column":0},"end":{"line":113,"column":29}},"113":{"start":{"line":114,"column":0},"end":{"line":114,"column":3}},"114":{"start":{"line":115,"column":0},"end":{"line":115,"column":59}},"115":{"start":{"line":116,"column":0},"end":{"line":116,"column":35}},"116":{"start":{"line":117,"column":0},"end":{"line":117,"column":36}},"117":{"start":{"line":118,"column":0},"end":{"line":118,"column":35}},"118":{"start":{"line":119,"column":0},"end":{"line":119,"column":0}},"119":{"start":{"line":120,"column":0},"end":{"line":120,"column":87}},"120":{"start":{"line":121,"column":0},"end":{"line":121,"column":78}},"121":{"start":{"line":122,"column":0},"end":{"line":122,"column":43}},"122":{"start":{"line":123,"column":0},"end":{"line":123,"column":29}},"123":{"start":{"line":124,"column":0},"end":{"line":124,"column":31}},"124":{"start":{"line":125,"column":0},"end":{"line":125,"column":29}},"125":{"start":{"line":126,"column":0},"end":{"line":126,"column":3}},"126":{"start":{"line":127,"column":0},"end":{"line":127,"column":1}},"127":{"start":{"line":128,"column":0},"end":{"line":128,"column":0}},"128":{"start":{"line":129,"column":0},"end":{"line":129,"column":3}},"129":{"start":{"line":130,"column":0},"end":{"line":130,"column":27}},"130":{"start":{"line":131,"column":0},"end":{"line":131,"column":3}},"131":{"start":{"line":132,"column":0},"end":{"line":132,"column":48}},"132":{"start":{"line":133,"column":0},"end":{"line":133,"column":39}},"133":{"start":{"line":134,"column":0},"end":{"line":134,"column":37}},"134":{"start":{"line":135,"column":0},"end":{"line":135,"column":0}},"135":{"start":{"line":136,"column":0},"end":{"line":136,"column":57}},"136":{"start":{"line":137,"column":0},"end":{"line":137,"column":68}},"137":{"start":{"line":138,"column":0},"end":{"line":138,"column":34}},"138":{"start":{"line":139,"column":0},"end":{"line":139,"column":30}},"139":{"start":{"line":140,"column":0},"end":{"line":140,"column":7}},"140":{"start":{"line":141,"column":0},"end":{"line":141,"column":32}},"141":{"start":{"line":142,"column":0},"end":{"line":142,"column":37}},"142":{"start":{"line":143,"column":0},"end":{"line":143,"column":33}},"143":{"start":{"line":144,"column":0},"end":{"line":144,"column":3}},"144":{"start":{"line":145,"column":0},"end":{"line":145,"column":1}}},"s":{"0":1,"1":1,"2":1,"3":1,"4":1,"5":1,"6":1,"7":1,"8":1,"9":1,"10":1,"11":1,"12":1,"13":1,"14":1,"15":1,"16":1,"17":1,"18":1,"19":1,"20":42,"21":42,"22":42,"23":42,"24":42,"25":42,"26":42,"27":42,"28":42,"29":42,"30":42,"31":1,"32":1,"33":2,"34":2,"35":2,"36":2,"37":2,"38":2,"39":2,"40":1,"41":1,"42":1,"43":1,"44":1,"45":1,"46":1,"47":1,"48":1,"49":22,"50":22,"51":22,"52":22,"53":22,"54":22,"55":22,"56":22,"57":22,"58":22,"59":1,"60":1,"61":18,"62":18,"63":14,"64":14,"65":4,"66":6,"67":18,"68":18,"69":18,"70":18,"71":18,"72":18,"73":1,"74":1,"75":1,"76":1,"77":1,"78":1,"79":1,"80":4,"81":4,"82":4,"83":1,"84":1,"85":1,"86":1,"87":1,"88":1,"89":1,"90":1,"91":1,"92":4,"93":4,"94":4,"95":4,"96":1,"97":1,"98":1,"99":1,"100":1,"101":1,"102":1,"103":1,"104":1,"105":3,"106":3,"107":3,"108":3,"109":1,"110":1,"111":1,"112":1,"113":1,"114":1,"115":1,"116":1,"117":1,"118":1,"119":1,"120":2,"121":2,"122":2,"123":2,"124":2,"125":2,"126":1,"127":1,"128":1,"129":1,"130":1,"131":1,"132":1,"133":1,"134":1,"135":1,"136":2,"137":2,"138":2,"139":2,"140":2,"141":2,"142":2,"143":2,"144":1},"branchMap":{"0":{"type":"branch","line":20,"loc":{"start":{"line":20,"column":2},"end":{"line":31,"column":3}},"locations":[{"start":{"line":20,"column":2},"end":{"line":31,"column":3}}]},"1":{"type":"branch","line":33,"loc":{"start":{"line":33,"column":2},"end":{"line":40,"column":3}},"locations":[{"start":{"line":33,"column":2},"end":{"line":40,"column":3}}]},"2":{"type":"branch","line":49,"loc":{"start":{"line":49,"column":2},"end":{"line":59,"column":3}},"locations":[{"start":{"line":49,"column":2},"end":{"line":59,"column":3}}]},"3":{"type":"branch","line":61,"loc":{"start":{"line":61,"column":9},"end":{"line":73,"column":3}},"locations":[{"start":{"line":61,"column":9},"end":{"line":73,"column":3}}]},"4":{"type":"branch","line":62,"loc":{"start":{"line":62,"column":23},"end":{"line":62,"column":47}},"locations":[{"start":{"line":62,"column":23},"end":{"line":62,"column":47}}]},"5":{"type":"branch","line":62,"loc":{"start":{"line":62,"column":37},"end":{"line":62,"column":52}},"locations":[{"start":{"line":62,"column":37},"end":{"line":62,"column":52}}]},"6":{"type":"branch","line":63,"loc":{"start":{"line":63,"column":35},"end":{"line":67,"column":78}},"locations":[{"start":{"line":63,"column":35},"end":{"line":67,"column":78}}]},"7":{"type":"branch","line":65,"loc":{"start":{"line":65,"column":4},"end":{"line":67,"column":78}},"locations":[{"start":{"line":65,"column":4},"end":{"line":67,"column":78}}]},"8":{"type":"branch","line":65,"loc":{"start":{"line":65,"column":4},"end":{"line":67,"column":62}},"locations":[{"start":{"line":65,"column":4},"end":{"line":67,"column":62}}]},"9":{"type":"branch","line":67,"loc":{"start":{"line":67,"column":41},"end":{"line":67,"column":78}},"locations":[{"start":{"line":67,"column":41},"end":{"line":67,"column":78}}]},"10":{"type":"branch","line":69,"loc":{"start":{"line":69,"column":41},"end":{"line":69,"column":71}},"locations":[{"start":{"line":69,"column":41},"end":{"line":69,"column":71}}]},"11":{"type":"branch","line":80,"loc":{"start":{"line":80,"column":2},"end":{"line":83,"column":3}},"locations":[{"start":{"line":80,"column":2},"end":{"line":83,"column":3}}]},"12":{"type":"branch","line":92,"loc":{"start":{"line":92,"column":2},"end":{"line":96,"column":3}},"locations":[{"start":{"line":92,"column":2},"end":{"line":96,"column":3}}]},"13":{"type":"branch","line":105,"loc":{"start":{"line":105,"column":2},"end":{"line":109,"column":3}},"locations":[{"start":{"line":105,"column":2},"end":{"line":109,"column":3}}]},"14":{"type":"branch","line":120,"loc":{"start":{"line":120,"column":2},"end":{"line":126,"column":3}},"locations":[{"start":{"line":120,"column":2},"end":{"line":126,"column":3}}]},"15":{"type":"branch","line":136,"loc":{"start":{"line":136,"column":2},"end":{"line":144,"column":3}},"locations":[{"start":{"line":136,"column":2},"end":{"line":144,"column":3}}]}},"b":{"0":[42],"1":[2],"2":[22],"3":[18],"4":[3],"5":[2],"6":[14],"7":[6],"8":[4],"9":[2],"10":[1],"11":[4],"12":[4],"13":[3],"14":[2],"15":[2]},"fnMap":{"0":{"name":"SardisError","decl":{"start":{"line":20,"column":2},"end":{"line":31,"column":3}},"loc":{"start":{"line":20,"column":2},"end":{"line":31,"column":3}},"line":20},"1":{"name":"toJSON","decl":{"start":{"line":33,"column":2},"end":{"line":40,"column":3}},"loc":{"start":{"line":33,"column":2},"end":{"line":40,"column":3}},"line":33},"2":{"name":"APIError","decl":{"start":{"line":49,"column":2},"end":{"line":59,"column":3}},"loc":{"start":{"line":49,"column":2},"end":{"line":59,"column":3}},"line":49},"3":{"name":"fromResponse","decl":{"start":{"line":61,"column":9},"end":{"line":73,"column":3}},"loc":{"start":{"line":61,"column":9},"end":{"line":73,"column":3}},"line":61},"4":{"name":"AuthenticationError","decl":{"start":{"line":80,"column":2},"end":{"line":83,"column":3}},"loc":{"start":{"line":80,"column":2},"end":{"line":83,"column":3}},"line":80},"5":{"name":"RateLimitError","decl":{"start":{"line":92,"column":2},"end":{"line":96,"column":3}},"loc":{"start":{"line":92,"column":2},"end":{"line":96,"column":3}},"line":92},"6":{"name":"ValidationError","decl":{"start":{"line":105,"column":2},"end":{"line":109,"column":3}},"loc":{"start":{"line":105,"column":2},"end":{"line":109,"column":3}},"line":105},"7":{"name":"InsufficientBalanceError","decl":{"start":{"line":120,"column":2},"end":{"line":126,"column":3}},"loc":{"start":{"line":120,"column":2},"end":{"line":126,"column":3}},"line":120},"8":{"name":"NotFoundError","decl":{"start":{"line":136,"column":2},"end":{"line":144,"column":3}},"loc":{"start":{"line":136,"column":2},"end":{"line":144,"column":3}},"line":136}},"f":{"0":42,"1":2,"2":22,"3":18,"4":4,"5":4,"6":3,"7":2,"8":2}}
,"/Users/efebarandurmaz/Desktop/sardis/packages/sardis-sdk-js/src/integrations/index.ts": {"path":"/Users/efebarandurmaz/Desktop/sardis/packages/sardis-sdk-js/src/integrations/index.ts","all":true,"statementMap":{"0":{"start":{"line":1,"column":0},"end":{"line":1,"column":43}},"1":{"start":{"line":2,"column":0},"end":{"line":2,"column":31}},"2":{"start":{"line":3,"column":0},"end":{"line":3,"column":31}},"3":{"start":{"line":4,"column":0},"end":{"line":4,"column":28}}},"s":{"0":0,"1":0,"2":0,"3":0},"branchMap":{"0":{"type":"branch","line":1,"loc":{"start":{"line":1,"column":136},"end":{"line":4,"column":28}},"locations":[{"start":{"line":1,"column":136},"end":{"line":4,"column":28}}]}},"b":{"0":[0]},"fnMap":{"0":{"name":"(empty-report)","decl":{"start":{"line":1,"column":136},"end":{"line":4,"column":28}},"loc":{"start":{"line":1,"column":136},"end":{"line":4,"column":28}},"line":1}},"f":{"0":0}}
,"/Users/efebarandurmaz/Desktop/sardis/packages/sardis-sdk-js/src/integrations/langchain.ts": {"path":"/Users/efebarandurmaz/Desktop/sardis/packages/sardis-sdk-js/src/integrations/langchain.ts","all":false,"statementMap":{"0":{"start":{"line":1,"column":0},"end":{"line":1,"column":3}},"1":{"start":{"line":2,"column":0},"end":{"line":2,"column":42}},"2":{"start":{"line":3,"column":0},"end":{"line":3,"column":2}},"3":{"start":{"line":4,"column":0},"end":{"line":4,"column":72}},"4":{"start":{"line":5,"column":0},"end":{"line":5,"column":54}},"5":{"start":{"line":6,"column":0},"end":{"line":6,"column":2}},"6":{"start":{"line":7,"column":0},"end":{"line":7,"column":11}},"7":{"start":{"line":8,"column":0},"end":{"line":8,"column":16}},"8":{"start":{"line":9,"column":0},"end":{"line":9,"column":50}},"9":{"start":{"line":10,"column":0},"end":{"line":10,"column":80}},"10":{"start":{"line":11,"column":0},"end":{"line":11,"column":46}},"11":{"start":{"line":12,"column":0},"end":{"line":12,"column":83}},"12":{"start":{"line":13,"column":0},"end":{"line":13,"column":2}},"13":{"start":{"line":14,"column":0},"end":{"line":14,"column":63}},"14":{"start":{"line":15,"column":0},"end":{"line":15,"column":80}},"15":{"start":{"line":16,"column":0},"end":{"line":16,"column":2}},"16":{"start":{"line":17,"column":0},"end":{"line":17,"column":51}},"17":{"start":{"line":18,"column":0},"end":{"line":18,"column":27}},"18":{"start":{"line":19,"column":0},"end":{"line":19,"column":11}},"19":{"start":{"line":20,"column":0},"end":{"line":20,"column":23}},"20":{"start":{"line":21,"column":0},"end":{"line":21,"column":6}},"21":{"start":{"line":22,"column":0},"end":{"line":22,"column":2}},"22":{"start":{"line":23,"column":0},"end":{"line":23,"column":56}},"23":{"start":{"line":24,"column":0},"end":{"line":24,"column":72}},"24":{"start":{"line":25,"column":0},"end":{"line":25,"column":6}},"25":{"start":{"line":26,"column":0},"end":{"line":26,"column":3}},"26":{"start":{"line":27,"column":0},"end":{"line":27,"column":0}},"27":{"start":{"line":28,"column":0},"end":{"line":28,"column":44}},"28":{"start":{"line":29,"column":0},"end":{"line":29,"column":81}},"29":{"start":{"line":30,"column":0},"end":{"line":30,"column":0}},"30":{"start":{"line":31,"column":0},"end":{"line":31,"column":3}},"31":{"start":{"line":32,"column":0},"end":{"line":32,"column":46}},"32":{"start":{"line":33,"column":0},"end":{"line":33,"column":3}},"33":{"start":{"line":34,"column":0},"end":{"line":34,"column":41}},"34":{"start":{"line":35,"column":0},"end":{"line":35,"column":48}},"35":{"start":{"line":36,"column":0},"end":{"line":36,"column":22}},"36":{"start":{"line":37,"column":0},"end":{"line":37,"column":27}},"37":{"start":{"line":38,"column":0},"end":{"line":38,"column":21}},"38":{"start":{"line":39,"column":0},"end":{"line":39,"column":41}},"39":{"start":{"line":40,"column":0},"end":{"line":40,"column":99}},"40":{"start":{"line":41,"column":0},"end":{"line":41,"column":24}},"41":{"start":{"line":42,"column":0},"end":{"line":42,"column":47}},"42":{"start":{"line":43,"column":0},"end":{"line":43,"column":1}},"43":{"start":{"line":44,"column":0},"end":{"line":44,"column":0}},"44":{"start":{"line":45,"column":0},"end":{"line":45,"column":3}},"45":{"start":{"line":46,"column":0},"end":{"line":46,"column":27}},"46":{"start":{"line":47,"column":0},"end":{"line":47,"column":3}},"47":{"start":{"line":48,"column":0},"end":{"line":48,"column":25}},"48":{"start":{"line":49,"column":0},"end":{"line":49,"column":17}},"49":{"start":{"line":50,"column":0},"end":{"line":50,"column":24}},"50":{"start":{"line":51,"column":0},"end":{"line":51,"column":13}},"51":{"start":{"line":52,"column":0},"end":{"line":52,"column":23}},"52":{"start":{"line":53,"column":0},"end":{"line":53,"column":44}},"53":{"start":{"line":54,"column":0},"end":{"line":54,"column":28}},"54":{"start":{"line":55,"column":0},"end":{"line":55,"column":6}},"55":{"start":{"line":56,"column":0},"end":{"line":56,"column":62}},"56":{"start":{"line":57,"column":0},"end":{"line":57,"column":1}},"57":{"start":{"line":58,"column":0},"end":{"line":58,"column":0}},"58":{"start":{"line":59,"column":0},"end":{"line":59,"column":3}},"59":{"start":{"line":60,"column":0},"end":{"line":60,"column":31}},"60":{"start":{"line":61,"column":0},"end":{"line":61,"column":3}},"61":{"start":{"line":62,"column":0},"end":{"line":62,"column":38}},"62":{"start":{"line":63,"column":0},"end":{"line":63,"column":46}},"63":{"start":{"line":64,"column":0},"end":{"line":64,"column":63}},"64":{"start":{"line":65,"column":0},"end":{"line":65,"column":39}},"65":{"start":{"line":66,"column":0},"end":{"line":66,"column":1}},"66":{"start":{"line":67,"column":0},"end":{"line":67,"column":0}},"67":{"start":{"line":68,"column":0},"end":{"line":68,"column":3}},"68":{"start":{"line":69,"column":0},"end":{"line":69,"column":43}},"69":{"start":{"line":70,"column":0},"end":{"line":70,"column":3}},"70":{"start":{"line":71,"column":0},"end":{"line":71,"column":63}},"71":{"start":{"line":72,"column":0},"end":{"line":72,"column":57}},"72":{"start":{"line":73,"column":0},"end":{"line":73,"column":42}},"73":{"start":{"line":74,"column":0},"end":{"line":74,"column":48}},"74":{"start":{"line":75,"column":0},"end":{"line":75,"column":77}},"75":{"start":{"line":76,"column":0},"end":{"line":76,"column":65}},"76":{"start":{"line":77,"column":0},"end":{"line":77,"column":76}},"77":{"start":{"line":78,"column":0},"end":{"line":78,"column":5}},"78":{"start":{"line":79,"column":0},"end":{"line":79,"column":45}},"79":{"start":{"line":80,"column":0},"end":{"line":80,"column":1}},"80":{"start":{"line":81,"column":0},"end":{"line":81,"column":0}},"81":{"start":{"line":82,"column":0},"end":{"line":82,"column":3}},"82":{"start":{"line":83,"column":0},"end":{"line":83,"column":57}},"83":{"start":{"line":84,"column":0},"end":{"line":84,"column":2}},"84":{"start":{"line":85,"column":0},"end":{"line":85,"column":52}},"85":{"start":{"line":86,"column":0},"end":{"line":86,"column":41}},"86":{"start":{"line":87,"column":0},"end":{"line":87,"column":47}},"87":{"start":{"line":88,"column":0},"end":{"line":88,"column":3}},"88":{"start":{"line":89,"column":0},"end":{"line":89,"column":43}},"89":{"start":{"line":90,"column":0},"end":{"line":90,"column":25}},"90":{"start":{"line":91,"column":0},"end":{"line":91,"column":40}},"91":{"start":{"line":92,"column":0},"end":{"line":92,"column":20}},"92":{"start":{"line":93,"column":0},"end":{"line":93,"column":83}},"93":{"start":{"line":94,"column":0},"end":{"line":94,"column":80}},"94":{"start":{"line":95,"column":0},"end":{"line":95,"column":57}},"95":{"start":{"line":96,"column":0},"end":{"line":96,"column":49}},"96":{"start":{"line":97,"column":0},"end":{"line":97,"column":0}},"97":{"start":{"line":98,"column":0},"end":{"line":98,"column":36}},"98":{"start":{"line":99,"column":0},"end":{"line":99,"column":9}},"99":{"start":{"line":100,"column":0},"end":{"line":100,"column":31}},"100":{"start":{"line":101,"column":0},"end":{"line":101,"column":171}},"101":{"start":{"line":102,"column":0},"end":{"line":102,"column":21}},"102":{"start":{"line":103,"column":0},"end":{"line":103,"column":31}},"103":{"start":{"line":104,"column":0},"end":{"line":104,"column":29}},"104":{"start":{"line":105,"column":0},"end":{"line":105,"column":29}},"105":{"start":{"line":106,"column":0},"end":{"line":106,"column":39}},"106":{"start":{"line":107,"column":0},"end":{"line":107,"column":80}},"107":{"start":{"line":108,"column":0},"end":{"line":108,"column":22}},"108":{"start":{"line":109,"column":0},"end":{"line":109,"column":29}},"109":{"start":{"line":110,"column":0},"end":{"line":110,"column":39}},"110":{"start":{"line":111,"column":0},"end":{"line":111,"column":83}},"111":{"start":{"line":112,"column":0},"end":{"line":112,"column":22}},"112":{"start":{"line":113,"column":0},"end":{"line":113,"column":37}},"113":{"start":{"line":114,"column":0},"end":{"line":114,"column":39}},"114":{"start":{"line":115,"column":0},"end":{"line":115,"column":121}},"115":{"start":{"line":116,"column":0},"end":{"line":116,"column":22}},"116":{"start":{"line":117,"column":0},"end":{"line":117,"column":30}},"117":{"start":{"line":118,"column":0},"end":{"line":118,"column":39}},"118":{"start":{"line":119,"column":0},"end":{"line":119,"column":93}},"119":{"start":{"line":120,"column":0},"end":{"line":120,"column":22}},"120":{"start":{"line":121,"column":0},"end":{"line":121,"column":28}},"121":{"start":{"line":122,"column":0},"end":{"line":122,"column":39}},"122":{"start":{"line":123,"column":0},"end":{"line":123,"column":64}},"123":{"start":{"line":124,"column":0},"end":{"line":124,"column":79}},"124":{"start":{"line":125,"column":0},"end":{"line":125,"column":21}},"125":{"start":{"line":126,"column":0},"end":{"line":126,"column":18}},"126":{"start":{"line":127,"column":0},"end":{"line":127,"column":46}},"127":{"start":{"line":128,"column":0},"end":{"line":128,"column":14}},"128":{"start":{"line":129,"column":0},"end":{"line":129,"column":78}},"129":{"start":{"line":130,"column":0},"end":{"line":130,"column":54}},"130":{"start":{"line":131,"column":0},"end":{"line":131,"column":54}},"131":{"start":{"line":132,"column":0},"end":{"line":132,"column":81}},"132":{"start":{"line":133,"column":0},"end":{"line":133,"column":68}},"133":{"start":{"line":134,"column":0},"end":{"line":134,"column":98}},"134":{"start":{"line":135,"column":0},"end":{"line":135,"column":0}},"135":{"start":{"line":136,"column":0},"end":{"line":136,"column":39}},"136":{"start":{"line":137,"column":0},"end":{"line":137,"column":43}},"137":{"start":{"line":138,"column":0},"end":{"line":138,"column":39}},"138":{"start":{"line":139,"column":0},"end":{"line":139,"column":110}},"139":{"start":{"line":140,"column":0},"end":{"line":140,"column":23}},"140":{"start":{"line":141,"column":0},"end":{"line":141,"column":17}},"141":{"start":{"line":142,"column":0},"end":{"line":142,"column":0}},"142":{"start":{"line":143,"column":0},"end":{"line":143,"column":21}},"143":{"start":{"line":144,"column":0},"end":{"line":144,"column":58}},"144":{"start":{"line":145,"column":0},"end":{"line":145,"column":63}},"145":{"start":{"line":146,"column":0},"end":{"line":146,"column":82}},"146":{"start":{"line":147,"column":0},"end":{"line":147,"column":0}},"147":{"start":{"line":148,"column":0},"end":{"line":148,"column":54}},"148":{"start":{"line":149,"column":0},"end":{"line":149,"column":46}},"149":{"start":{"line":150,"column":0},"end":{"line":150,"column":49}},"150":{"start":{"line":151,"column":0},"end":{"line":151,"column":74}},"151":{"start":{"line":152,"column":0},"end":{"line":152,"column":50}},"152":{"start":{"line":153,"column":0},"end":{"line":153,"column":30}},"153":{"start":{"line":154,"column":0},"end":{"line":154,"column":67}},"154":{"start":{"line":155,"column":0},"end":{"line":155,"column":33}},"155":{"start":{"line":156,"column":0},"end":{"line":156,"column":23}},"156":{"start":{"line":157,"column":0},"end":{"line":157,"column":71}},"157":{"start":{"line":158,"column":0},"end":{"line":158,"column":0}},"158":{"start":{"line":159,"column":0},"end":{"line":159,"column":37}},"159":{"start":{"line":160,"column":0},"end":{"line":160,"column":46}},"160":{"start":{"line":161,"column":0},"end":{"line":161,"column":49}},"161":{"start":{"line":162,"column":0},"end":{"line":162,"column":74}},"162":{"start":{"line":163,"column":0},"end":{"line":163,"column":50}},"163":{"start":{"line":164,"column":0},"end":{"line":164,"column":30}},"164":{"start":{"line":165,"column":0},"end":{"line":165,"column":44}},"165":{"start":{"line":166,"column":0},"end":{"line":166,"column":67}},"166":{"start":{"line":167,"column":0},"end":{"line":167,"column":44}},"167":{"start":{"line":168,"column":0},"end":{"line":168,"column":49}},"168":{"start":{"line":169,"column":0},"end":{"line":169,"column":34}},"169":{"start":{"line":170,"column":0},"end":{"line":170,"column":46}},"170":{"start":{"line":171,"column":0},"end":{"line":171,"column":35}},"171":{"start":{"line":172,"column":0},"end":{"line":172,"column":35}},"172":{"start":{"line":173,"column":0},"end":{"line":173,"column":45}},"173":{"start":{"line":174,"column":0},"end":{"line":174,"column":53}},"174":{"start":{"line":175,"column":0},"end":{"line":175,"column":48}},"175":{"start":{"line":176,"column":0},"end":{"line":176,"column":25}},"176":{"start":{"line":177,"column":0},"end":{"line":177,"column":22}},"177":{"start":{"line":178,"column":0},"end":{"line":178,"column":0}},"178":{"start":{"line":179,"column":0},"end":{"line":179,"column":105}},"179":{"start":{"line":180,"column":0},"end":{"line":180,"column":0}},"180":{"start":{"line":181,"column":0},"end":{"line":181,"column":43}},"181":{"start":{"line":182,"column":0},"end":{"line":182,"column":38}},"182":{"start":{"line":183,"column":0},"end":{"line":183,"column":46}},"183":{"start":{"line":184,"column":0},"end":{"line":184,"column":54}},"184":{"start":{"line":185,"column":0},"end":{"line":185,"column":57}},"185":{"start":{"line":186,"column":0},"end":{"line":186,"column":44}},"186":{"start":{"line":187,"column":0},"end":{"line":187,"column":58}},"187":{"start":{"line":188,"column":0},"end":{"line":188,"column":140}},"188":{"start":{"line":189,"column":0},"end":{"line":189,"column":23}},"189":{"start":{"line":190,"column":0},"end":{"line":190,"column":42}},"190":{"start":{"line":191,"column":0},"end":{"line":191,"column":99}},"191":{"start":{"line":192,"column":0},"end":{"line":192,"column":0}},"192":{"start":{"line":193,"column":0},"end":{"line":193,"column":128}},"193":{"start":{"line":194,"column":0},"end":{"line":194,"column":47}},"194":{"start":{"line":195,"column":0},"end":{"line":195,"column":43}},"195":{"start":{"line":196,"column":0},"end":{"line":196,"column":42}},"196":{"start":{"line":197,"column":0},"end":{"line":197,"column":48}},"197":{"start":{"line":198,"column":0},"end":{"line":198,"column":94}},"198":{"start":{"line":199,"column":0},"end":{"line":199,"column":27}},"199":{"start":{"line":200,"column":0},"end":{"line":200,"column":21}},"200":{"start":{"line":201,"column":0},"end":{"line":201,"column":0}},"201":{"start":{"line":202,"column":0},"end":{"line":202,"column":43}},"202":{"start":{"line":203,"column":0},"end":{"line":203,"column":39}},"203":{"start":{"line":204,"column":0},"end":{"line":204,"column":43}},"204":{"start":{"line":205,"column":0},"end":{"line":205,"column":23}},"205":{"start":{"line":206,"column":0},"end":{"line":206,"column":17}},"206":{"start":{"line":207,"column":0},"end":{"line":207,"column":13}},"207":{"start":{"line":208,"column":0},"end":{"line":208,"column":10}},"208":{"start":{"line":209,"column":0},"end":{"line":209,"column":0}},"209":{"start":{"line":210,"column":0},"end":{"line":210,"column":9}},"210":{"start":{"line":211,"column":0},"end":{"line":211,"column":41}},"211":{"start":{"line":212,"column":0},"end":{"line":212,"column":133}},"212":{"start":{"line":213,"column":0},"end":{"line":213,"column":21}},"213":{"start":{"line":214,"column":0},"end":{"line":214,"column":31}},"214":{"start":{"line":215,"column":0},"end":{"line":215,"column":29}},"215":{"start":{"line":216,"column":0},"end":{"line":216,"column":28}},"216":{"start":{"line":217,"column":0},"end":{"line":217,"column":39}},"217":{"start":{"line":218,"column":0},"end":{"line":218,"column":64}},"218":{"start":{"line":219,"column":0},"end":{"line":219,"column":88}},"219":{"start":{"line":220,"column":0},"end":{"line":220,"column":22}},"220":{"start":{"line":221,"column":0},"end":{"line":221,"column":28}},"221":{"start":{"line":222,"column":0},"end":{"line":222,"column":39}},"222":{"start":{"line":223,"column":0},"end":{"line":223,"column":100}},"223":{"start":{"line":224,"column":0},"end":{"line":224,"column":21}},"224":{"start":{"line":225,"column":0},"end":{"line":225,"column":17}},"225":{"start":{"line":226,"column":0},"end":{"line":226,"column":14}},"226":{"start":{"line":227,"column":0},"end":{"line":227,"column":78}},"227":{"start":{"line":228,"column":0},"end":{"line":228,"column":98}},"228":{"start":{"line":229,"column":0},"end":{"line":229,"column":70}},"229":{"start":{"line":230,"column":0},"end":{"line":230,"column":0}},"230":{"start":{"line":231,"column":0},"end":{"line":231,"column":39}},"231":{"start":{"line":232,"column":0},"end":{"line":232,"column":43}},"232":{"start":{"line":233,"column":0},"end":{"line":233,"column":39}},"233":{"start":{"line":234,"column":0},"end":{"line":234,"column":56}},"234":{"start":{"line":235,"column":0},"end":{"line":235,"column":23}},"235":{"start":{"line":236,"column":0},"end":{"line":236,"column":17}},"236":{"start":{"line":237,"column":0},"end":{"line":237,"column":0}},"237":{"start":{"line":238,"column":0},"end":{"line":238,"column":21}},"238":{"start":{"line":239,"column":0},"end":{"line":239,"column":83}},"239":{"start":{"line":240,"column":0},"end":{"line":240,"column":40}},"240":{"start":{"line":241,"column":0},"end":{"line":241,"column":30}},"241":{"start":{"line":242,"column":0},"end":{"line":242,"column":29}},"242":{"start":{"line":243,"column":0},"end":{"line":243,"column":22}},"243":{"start":{"line":244,"column":0},"end":{"line":244,"column":0}},"244":{"start":{"line":245,"column":0},"end":{"line":245,"column":43}},"245":{"start":{"line":246,"column":0},"end":{"line":246,"column":38}},"246":{"start":{"line":247,"column":0},"end":{"line":247,"column":53}},"247":{"start":{"line":248,"column":0},"end":{"line":248,"column":49}},"248":{"start":{"line":249,"column":0},"end":{"line":249,"column":45}},"249":{"start":{"line":250,"column":0},"end":{"line":250,"column":45}},"250":{"start":{"line":251,"column":0},"end":{"line":251,"column":48}},"251":{"start":{"line":252,"column":0},"end":{"line":252,"column":23}},"252":{"start":{"line":253,"column":0},"end":{"line":253,"column":42}},"253":{"start":{"line":254,"column":0},"end":{"line":254,"column":43}},"254":{"start":{"line":255,"column":0},"end":{"line":255,"column":39}},"255":{"start":{"line":256,"column":0},"end":{"line":256,"column":95}},"256":{"start":{"line":257,"column":0},"end":{"line":257,"column":23}},"257":{"start":{"line":258,"column":0},"end":{"line":258,"column":17}},"258":{"start":{"line":259,"column":0},"end":{"line":259,"column":13}},"259":{"start":{"line":260,"column":0},"end":{"line":260,"column":10}},"260":{"start":{"line":261,"column":0},"end":{"line":261,"column":0}},"261":{"start":{"line":262,"column":0},"end":{"line":262,"column":9}},"262":{"start":{"line":263,"column":0},"end":{"line":263,"column":38}},"263":{"start":{"line":264,"column":0},"end":{"line":264,"column":114}},"264":{"start":{"line":265,"column":0},"end":{"line":265,"column":21}},"265":{"start":{"line":266,"column":0},"end":{"line":266,"column":31}},"266":{"start":{"line":267,"column":0},"end":{"line":267,"column":30}},"267":{"start":{"line":268,"column":0},"end":{"line":268,"column":14}},"268":{"start":{"line":269,"column":0},"end":{"line":269,"column":48}},"269":{"start":{"line":270,"column":0},"end":{"line":270,"column":39}},"270":{"start":{"line":271,"column":0},"end":{"line":271,"column":43}},"271":{"start":{"line":272,"column":0},"end":{"line":272,"column":39}},"272":{"start":{"line":273,"column":0},"end":{"line":273,"column":56}},"273":{"start":{"line":274,"column":0},"end":{"line":274,"column":23}},"274":{"start":{"line":275,"column":0},"end":{"line":275,"column":17}},"275":{"start":{"line":276,"column":0},"end":{"line":276,"column":0}},"276":{"start":{"line":277,"column":0},"end":{"line":277,"column":21}},"277":{"start":{"line":278,"column":0},"end":{"line":278,"column":85}},"278":{"start":{"line":279,"column":0},"end":{"line":279,"column":0}},"279":{"start":{"line":280,"column":0},"end":{"line":280,"column":43}},"280":{"start":{"line":281,"column":0},"end":{"line":281,"column":38}},"281":{"start":{"line":282,"column":0},"end":{"line":282,"column":33}},"282":{"start":{"line":283,"column":0},"end":{"line":283,"column":42}},"283":{"start":{"line":284,"column":0},"end":{"line":284,"column":54}},"284":{"start":{"line":285,"column":0},"end":{"line":285,"column":54}},"285":{"start":{"line":286,"column":0},"end":{"line":286,"column":62}},"286":{"start":{"line":287,"column":0},"end":{"line":287,"column":60}},"287":{"start":{"line":288,"column":0},"end":{"line":288,"column":56}},"288":{"start":{"line":289,"column":0},"end":{"line":289,"column":55}},"289":{"start":{"line":290,"column":0},"end":{"line":290,"column":25}},"290":{"start":{"line":291,"column":0},"end":{"line":291,"column":23}},"291":{"start":{"line":292,"column":0},"end":{"line":292,"column":42}},"292":{"start":{"line":293,"column":0},"end":{"line":293,"column":43}},"293":{"start":{"line":294,"column":0},"end":{"line":294,"column":39}},"294":{"start":{"line":295,"column":0},"end":{"line":295,"column":94}},"295":{"start":{"line":296,"column":0},"end":{"line":296,"column":23}},"296":{"start":{"line":297,"column":0},"end":{"line":297,"column":17}},"297":{"start":{"line":298,"column":0},"end":{"line":298,"column":13}},"298":{"start":{"line":299,"column":0},"end":{"line":299,"column":10}},"299":{"start":{"line":300,"column":0},"end":{"line":300,"column":0}},"300":{"start":{"line":301,"column":0},"end":{"line":301,"column":9}},"301":{"start":{"line":302,"column":0},"end":{"line":302,"column":40}},"302":{"start":{"line":303,"column":0},"end":{"line":303,"column":156}},"303":{"start":{"line":304,"column":0},"end":{"line":304,"column":21}},"304":{"start":{"line":305,"column":0},"end":{"line":305,"column":31}},"305":{"start":{"line":306,"column":0},"end":{"line":306,"column":29}},"306":{"start":{"line":307,"column":0},"end":{"line":307,"column":29}},"307":{"start":{"line":308,"column":0},"end":{"line":308,"column":39}},"308":{"start":{"line":309,"column":0},"end":{"line":309,"column":63}},"309":{"start":{"line":310,"column":0},"end":{"line":310,"column":22}},"310":{"start":{"line":311,"column":0},"end":{"line":311,"column":29}},"311":{"start":{"line":312,"column":0},"end":{"line":312,"column":39}},"312":{"start":{"line":313,"column":0},"end":{"line":313,"column":83}},"313":{"start":{"line":314,"column":0},"end":{"line":314,"column":22}},"314":{"start":{"line":315,"column":0},"end":{"line":315,"column":30}},"315":{"start":{"line":316,"column":0},"end":{"line":316,"column":39}},"316":{"start":{"line":317,"column":0},"end":{"line":317,"column":65}},"317":{"start":{"line":318,"column":0},"end":{"line":318,"column":21}},"318":{"start":{"line":319,"column":0},"end":{"line":319,"column":18}},"319":{"start":{"line":320,"column":0},"end":{"line":320,"column":46}},"320":{"start":{"line":321,"column":0},"end":{"line":321,"column":14}},"321":{"start":{"line":322,"column":0},"end":{"line":322,"column":78}},"322":{"start":{"line":323,"column":0},"end":{"line":323,"column":54}},"323":{"start":{"line":324,"column":0},"end":{"line":324,"column":54}},"324":{"start":{"line":325,"column":0},"end":{"line":325,"column":68}},"325":{"start":{"line":326,"column":0},"end":{"line":326,"column":0}},"326":{"start":{"line":327,"column":0},"end":{"line":327,"column":39}},"327":{"start":{"line":328,"column":0},"end":{"line":328,"column":43}},"328":{"start":{"line":329,"column":0},"end":{"line":329,"column":39}},"329":{"start":{"line":330,"column":0},"end":{"line":330,"column":56}},"330":{"start":{"line":331,"column":0},"end":{"line":331,"column":23}},"331":{"start":{"line":332,"column":0},"end":{"line":332,"column":17}},"332":{"start":{"line":333,"column":0},"end":{"line":333,"column":0}},"333":{"start":{"line":334,"column":0},"end":{"line":334,"column":21}},"334":{"start":{"line":335,"column":0},"end":{"line":335,"column":49}},"335":{"start":{"line":336,"column":0},"end":{"line":336,"column":85}},"336":{"start":{"line":337,"column":0},"end":{"line":337,"column":71}},"337":{"start":{"line":338,"column":0},"end":{"line":338,"column":70}},"338":{"start":{"line":339,"column":0},"end":{"line":339,"column":0}},"339":{"start":{"line":340,"column":0},"end":{"line":340,"column":42}},"340":{"start":{"line":341,"column":0},"end":{"line":341,"column":92}},"341":{"start":{"line":342,"column":0},"end":{"line":342,"column":0}},"342":{"start":{"line":343,"column":0},"end":{"line":343,"column":50}},"343":{"start":{"line":344,"column":0},"end":{"line":344,"column":47}},"344":{"start":{"line":345,"column":0},"end":{"line":345,"column":85}},"345":{"start":{"line":346,"column":0},"end":{"line":346,"column":28}},"346":{"start":{"line":347,"column":0},"end":{"line":347,"column":37}},"347":{"start":{"line":348,"column":0},"end":{"line":348,"column":58}},"348":{"start":{"line":349,"column":0},"end":{"line":349,"column":42}},"349":{"start":{"line":350,"column":0},"end":{"line":350,"column":103}},"350":{"start":{"line":351,"column":0},"end":{"line":351,"column":27}},"351":{"start":{"line":352,"column":0},"end":{"line":352,"column":21}},"352":{"start":{"line":353,"column":0},"end":{"line":353,"column":0}},"353":{"start":{"line":354,"column":0},"end":{"line":354,"column":42}},"354":{"start":{"line":355,"column":0},"end":{"line":355,"column":43}},"355":{"start":{"line":356,"column":0},"end":{"line":356,"column":77}},"356":{"start":{"line":357,"column":0},"end":{"line":357,"column":28}},"357":{"start":{"line":358,"column":0},"end":{"line":358,"column":37}},"358":{"start":{"line":359,"column":0},"end":{"line":359,"column":50}},"359":{"start":{"line":360,"column":0},"end":{"line":360,"column":42}},"360":{"start":{"line":361,"column":0},"end":{"line":361,"column":58}},"361":{"start":{"line":362,"column":0},"end":{"line":362,"column":27}},"362":{"start":{"line":363,"column":0},"end":{"line":363,"column":21}},"363":{"start":{"line":364,"column":0},"end":{"line":364,"column":0}},"364":{"start":{"line":365,"column":0},"end":{"line":365,"column":66}},"365":{"start":{"line":366,"column":0},"end":{"line":366,"column":0}},"366":{"start":{"line":367,"column":0},"end":{"line":367,"column":43}},"367":{"start":{"line":368,"column":0},"end":{"line":368,"column":38}},"368":{"start":{"line":369,"column":0},"end":{"line":369,"column":43}},"369":{"start":{"line":370,"column":0},"end":{"line":370,"column":31}},"370":{"start":{"line":371,"column":0},"end":{"line":371,"column":42}},"371":{"start":{"line":372,"column":0},"end":{"line":372,"column":83}},"372":{"start":{"line":373,"column":0},"end":{"line":373,"column":147}},"373":{"start":{"line":374,"column":0},"end":{"line":374,"column":23}},"374":{"start":{"line":375,"column":0},"end":{"line":375,"column":42}},"375":{"start":{"line":376,"column":0},"end":{"line":376,"column":43}},"376":{"start":{"line":377,"column":0},"end":{"line":377,"column":39}},"377":{"start":{"line":378,"column":0},"end":{"line":378,"column":96}},"378":{"start":{"line":379,"column":0},"end":{"line":379,"column":23}},"379":{"start":{"line":380,"column":0},"end":{"line":380,"column":17}},"380":{"start":{"line":381,"column":0},"end":{"line":381,"column":13}},"381":{"start":{"line":382,"column":0},"end":{"line":382,"column":9}},"382":{"start":{"line":383,"column":0},"end":{"line":383,"column":6}},"383":{"start":{"line":384,"column":0},"end":{"line":384,"column":0}},"384":{"start":{"line":385,"column":0},"end":{"line":385,"column":17}},"385":{"start":{"line":386,"column":0},"end":{"line":386,"column":1}},"386":{"start":{"line":387,"column":0},"end":{"line":387,"column":0}},"387":{"start":{"line":388,"column":0},"end":{"line":388,"column":3}},"388":{"start":{"line":389,"column":0},"end":{"line":389,"column":52}},"389":{"start":{"line":390,"column":0},"end":{"line":390,"column":55}},"390":{"start":{"line":391,"column":0},"end":{"line":391,"column":3}},"391":{"start":{"line":392,"column":0},"end":{"line":392,"column":40}},"392":{"start":{"line":393,"column":0},"end":{"line":393,"column":25}},"393":{"start":{"line":394,"column":0},"end":{"line":394,"column":40}},"394":{"start":{"line":395,"column":0},"end":{"line":395,"column":18}},"395":{"start":{"line":396,"column":0},"end":{"line":396,"column":62}},"396":{"start":{"line":397,"column":0},"end":{"line":397,"column":53}},"397":{"start":{"line":398,"column":0},"end":{"line":398,"column":1}},"398":{"start":{"line":399,"column":0},"end":{"line":399,"column":0}},"399":{"start":{"line":400,"column":0},"end":{"line":400,"column":30}}},"s":{"0":1,"1":1,"2":1,"3":1,"4":1,"5":1,"6":1,"7":1,"8":1,"9":1,"10":1,"11":1,"12":1,"13":1,"14":1,"15":1,"16":1,"17":1,"18":1,"19":1,"20":1,"21":1,"22":1,"23":1,"24":1,"25":1,"26":1,"27":1,"28":1,"29":1,"30":1,"31":1,"32":1,"33":1,"34":1,"35":1,"36":1,"37":1,"38":1,"39":1,"40":1,"41":1,"42":1,"43":1,"44":1,"45":1,"46":1,"47":1,"48":1,"49":1,"50":1,"51":1,"52":1,"53":1,"54":1,"55":1,"56":1,"57":1,"58":1,"59":1,"60":1,"61":4,"62":4,"63":4,"64":4,"65":4,"66":1,"67":1,"68":1,"69":1,"70":4,"71":4,"72":4,"73":4,"74":4,"75":4,"76":4,"77":4,"78":0,"79":0,"80":1,"81":1,"82":1,"83":1,"84":1,"85":1,"86":1,"87":1,"88":1,"89":16,"90":16,"91":16,"92":16,"93":16,"94":16,"95":16,"96":16,"97":16,"98":16,"99":16,"100":16,"101":16,"102":16,"103":16,"104":16,"105":16,"106":16,"107":16,"108":16,"109":16,"110":16,"111":16,"112":16,"113":16,"114":16,"115":16,"116":16,"117":16,"118":16,"119":16,"120":16,"121":16,"122":16,"123":16,"124":16,"125":16,"126":16,"127":16,"128":16,"129":5,"130":5,"131":5,"132":5,"133":5,"134":5,"135":5,"136":1,"137":1,"138":1,"139":1,"140":1,"141":4,"142":4,"143":4,"144":4,"145":4,"146":4,"147":4,"148":4,"149":4,"150":4,"151":5,"152":5,"153":5,"154":5,"155":5,"156":5,"157":4,"158":4,"159":4,"160":4,"161":4,"162":5,"163":5,"164":5,"165":5,"166":5,"167":5,"168":5,"169":5,"170":5,"171":5,"172":5,"173":5,"174":5,"175":5,"176":5,"177":5,"178":5,"179":3,"180":3,"181":3,"182":3,"183":3,"184":3,"185":3,"186":3,"187":5,"188":5,"189":5,"190":1,"191":1,"192":1,"193":1,"194":1,"195":1,"196":1,"197":1,"198":1,"199":1,"200":0,"201":0,"202":0,"203":0,"204":0,"205":0,"206":5,"207":16,"208":16,"209":16,"210":16,"211":16,"212":16,"213":16,"214":16,"215":16,"216":16,"217":16,"218":16,"219":16,"220":16,"221":16,"222":16,"223":16,"224":16,"225":16,"226":16,"227":2,"228":2,"229":2,"230":2,"231":0,"232":0,"233":0,"234":0,"235":0,"236":2,"237":2,"238":2,"239":2,"240":2,"241":2,"242":2,"243":2,"244":2,"245":2,"246":2,"247":2,"248":2,"249":2,"250":2,"251":2,"252":2,"253":0,"254":0,"255":0,"256":0,"257":0,"258":2,"259":16,"260":16,"261":16,"262":16,"263":16,"264":16,"265":16,"266":16,"267":16,"268":16,"269":1,"270":0,"271":0,"272":0,"273":0,"274":0,"275":1,"276":1,"277":1,"278":1,"279":1,"280":1,"281":1,"282":1,"283":1,"284":1,"285":1,"286":1,"287":1,"288":1,"289":1,"290":1,"291":1,"292":0,"293":0,"294":0,"295":0,"296":0,"297":1,"298":16,"299":16,"300":16,"301":16,"302":16,"303":16,"304":16,"305":16,"306":16,"307":16,"308":16,"309":16,"310":16,"311":16,"312":16,"313":16,"314":16,"315":16,"316":16,"317":16,"318":16,"319":16,"320":16,"321":16,"322":3,"323":3,"324":3,"325":3,"326":3,"327":0,"328":0,"329":0,"330":0,"331":0,"332":3,"333":3,"334":3,"335":3,"336":3,"337":3,"338":3,"339":3,"340":3,"341":3,"342":3,"343":3,"344":2,"345":3,"346":1,"347":1,"348":1,"349":1,"350":1,"351":1,"352":3,"353":3,"354":3,"355":2,"356":3,"357":1,"358":1,"359":1,"360":1,"361":1,"362":1,"363":3,"364":3,"365":3,"366":3,"367":3,"368":3,"369":3,"370":3,"371":1,"372":2,"373":3,"374":3,"375":0,"376":0,"377":0,"378":0,"379":0,"380":3,"381":16,"382":16,"383":16,"384":16,"385":16,"386":1,"387":1,"388":1,"389":1,"390":1,"391":1,"392":2,"393":2,"394":2,"395":2,"396":2,"397":2,"398":1,"399":1},"branchMap":{"0":{"type":"branch","line":62,"loc":{"start":{"line":62,"column":0},"end":{"line":66,"column":1}},"locations":[{"start":{"line":62,"column":0},"end":{"line":66,"column":1}}]},"1":{"type":"branch","line":71,"loc":{"start":{"line":71,"column":0},"end":{"line":80,"column":1}},"locations":[{"start":{"line":71,"column":0},"end":{"line":80,"column":1}}]},"2":{"type":"branch","line":78,"loc":{"start":{"line":78,"column":4},"end":{"line":80,"column":1}},"locations":[{"start":{"line":78,"column":4},"end":{"line":80,"column":1}}]},"3":{"type":"branch","line":77,"loc":{"start":{"line":77,"column":29},"end":{"line":77,"column":65}},"locations":[{"start":{"line":77,"column":29},"end":{"line":77,"column":65}}]},"4":{"type":"branch","line":89,"loc":{"start":{"line":89,"column":7},"end":{"line":386,"column":1}},"locations":[{"start":{"line":89,"column":7},"end":{"line":386,"column":1}}]},"5":{"type":"branch","line":93,"loc":{"start":{"line":93,"column":36},"end":{"line":93,"column":80}},"locations":[{"start":{"line":93,"column":36},"end":{"line":93,"column":80}}]},"6":{"type":"branch","line":93,"loc":{"start":{"line":93,"column":60},"end":{"line":93,"column":83}},"locations":[{"start":{"line":93,"column":60},"end":{"line":93,"column":83}}]},"7":{"type":"branch","line":94,"loc":{"start":{"line":94,"column":35},"end":{"line":94,"column":77}},"locations":[{"start":{"line":94,"column":35},"end":{"line":94,"column":77}}]},"8":{"type":"branch","line":94,"loc":{"start":{"line":94,"column":58},"end":{"line":94,"column":80}},"locations":[{"start":{"line":94,"column":58},"end":{"line":94,"column":80}}]},"9":{"type":"branch","line":129,"loc":{"start":{"line":129,"column":18},"end":{"line":207,"column":13}},"locations":[{"start":{"line":129,"column":18},"end":{"line":207,"column":13}}]},"10":{"type":"branch","line":136,"loc":{"start":{"line":136,"column":38},"end":{"line":141,"column":17}},"locations":[{"start":{"line":136,"column":38},"end":{"line":141,"column":17}}]},"11":{"type":"branch","line":141,"loc":{"start":{"line":141,"column":16},"end":{"line":151,"column":74}},"locations":[{"start":{"line":141,"column":16},"end":{"line":151,"column":74}}]},"12":{"type":"branch","line":154,"loc":{"start":{"line":154,"column":33},"end":{"line":154,"column":67}},"locations":[{"start":{"line":154,"column":33},"end":{"line":154,"column":67}}]},"13":{"type":"branch","line":157,"loc":{"start":{"line":157,"column":69},"end":{"line":162,"column":74}},"locations":[{"start":{"line":157,"column":69},"end":{"line":162,"column":74}}]},"14":{"type":"branch","line":166,"loc":{"start":{"line":166,"column":33},"end":{"line":166,"column":67}},"locations":[{"start":{"line":166,"column":33},"end":{"line":166,"column":67}}]},"15":{"type":"branch","line":179,"loc":{"start":{"line":179,"column":103},"end":{"line":188,"column":126}},"locations":[{"start":{"line":179,"column":103},"end":{"line":188,"column":126}}]},"16":{"type":"branch","line":188,"loc":{"start":{"line":188,"column":112},"end":{"line":188,"column":137}},"locations":[{"start":{"line":188,"column":112},"end":{"line":188,"column":137}}]},"17":{"type":"branch","line":190,"loc":{"start":{"line":190,"column":16},"end":{"line":206,"column":17}},"locations":[{"start":{"line":190,"column":16},"end":{"line":206,"column":17}}]},"18":{"type":"branch","line":191,"loc":{"start":{"line":191,"column":72},"end":{"line":191,"column":99}},"locations":[{"start":{"line":191,"column":72},"end":{"line":191,"column":99}}]},"19":{"type":"branch","line":193,"loc":{"start":{"line":193,"column":54},"end":{"line":193,"column":95}},"locations":[{"start":{"line":193,"column":54},"end":{"line":193,"column":95}}]},"20":{"type":"branch","line":193,"loc":{"start":{"line":193,"column":90},"end":{"line":193,"column":127}},"locations":[{"start":{"line":193,"column":90},"end":{"line":193,"column":127}}]},"21":{"type":"branch","line":200,"loc":{"start":{"line":200,"column":20},"end":{"line":206,"column":17}},"locations":[{"start":{"line":200,"column":20},"end":{"line":206,"column":17}}]},"22":{"type":"branch","line":227,"loc":{"start":{"line":227,"column":18},"end":{"line":259,"column":13}},"locations":[{"start":{"line":227,"column":18},"end":{"line":259,"column":13}}]},"23":{"type":"branch","line":228,"loc":{"start":{"line":228,"column":37},"end":{"line":228,"column":98}},"locations":[{"start":{"line":228,"column":37},"end":{"line":228,"column":98}}]},"24":{"type":"branch","line":229,"loc":{"start":{"line":229,"column":37},"end":{"line":229,"column":70}},"locations":[{"start":{"line":229,"column":37},"end":{"line":229,"column":70}}]},"25":{"type":"branch","line":231,"loc":{"start":{"line":231,"column":38},"end":{"line":236,"column":17}},"locations":[{"start":{"line":231,"column":38},"end":{"line":236,"column":17}}]},"26":{"type":"branch","line":253,"loc":{"start":{"line":253,"column":16},"end":{"line":258,"column":17}},"locations":[{"start":{"line":253,"column":16},"end":{"line":258,"column":17}}]},"27":{"type":"branch","line":269,"loc":{"start":{"line":269,"column":18},"end":{"line":298,"column":13}},"locations":[{"start":{"line":269,"column":18},"end":{"line":298,"column":13}}]},"28":{"type":"branch","line":270,"loc":{"start":{"line":270,"column":38},"end":{"line":275,"column":17}},"locations":[{"start":{"line":270,"column":38},"end":{"line":275,"column":17}}]},"29":{"type":"branch","line":292,"loc":{"start":{"line":292,"column":16},"end":{"line":297,"column":17}},"locations":[{"start":{"line":292,"column":16},"end":{"line":297,"column":17}}]},"30":{"type":"branch","line":322,"loc":{"start":{"line":322,"column":18},"end":{"line":381,"column":13}},"locations":[{"start":{"line":322,"column":18},"end":{"line":381,"column":13}}]},"31":{"type":"branch","line":327,"loc":{"start":{"line":327,"column":38},"end":{"line":332,"column":17}},"locations":[{"start":{"line":327,"column":38},"end":{"line":332,"column":17}}]},"32":{"type":"branch","line":344,"loc":{"start":{"line":344,"column":46},"end":{"line":346,"column":27}},"locations":[{"start":{"line":344,"column":46},"end":{"line":346,"column":27}}]},"33":{"type":"branch","line":346,"loc":{"start":{"line":346,"column":20},"end":{"line":352,"column":21}},"locations":[{"start":{"line":346,"column":20},"end":{"line":352,"column":21}}]},"34":{"type":"branch","line":355,"loc":{"start":{"line":355,"column":42},"end":{"line":357,"column":27}},"locations":[{"start":{"line":355,"column":42},"end":{"line":357,"column":27}}]},"35":{"type":"branch","line":357,"loc":{"start":{"line":357,"column":20},"end":{"line":363,"column":21}},"locations":[{"start":{"line":357,"column":20},"end":{"line":363,"column":21}}]},"36":{"type":"branch","line":371,"loc":{"start":{"line":371,"column":33},"end":{"line":372,"column":83}},"locations":[{"start":{"line":371,"column":33},"end":{"line":372,"column":83}}]},"37":{"type":"branch","line":372,"loc":{"start":{"line":372,"column":64},"end":{"line":373,"column":147}},"locations":[{"start":{"line":372,"column":64},"end":{"line":373,"column":147}}]},"38":{"type":"branch","line":375,"loc":{"start":{"line":375,"column":16},"end":{"line":380,"column":17}},"locations":[{"start":{"line":375,"column":16},"end":{"line":380,"column":17}}]},"39":{"type":"branch","line":365,"loc":{"start":{"line":365,"column":51},"end":{"line":365,"column":64}},"locations":[{"start":{"line":365,"column":51},"end":{"line":365,"column":64}}]},"40":{"type":"branch","line":373,"loc":{"start":{"line":373,"column":100},"end":{"line":373,"column":114}},"locations":[{"start":{"line":373,"column":100},"end":{"line":373,"column":114}}]},"41":{"type":"branch","line":373,"loc":{"start":{"line":373,"column":120},"end":{"line":373,"column":133}},"locations":[{"start":{"line":373,"column":120},"end":{"line":373,"column":133}}]},"42":{"type":"branch","line":392,"loc":{"start":{"line":392,"column":7},"end":{"line":398,"column":1}},"locations":[{"start":{"line":392,"column":7},"end":{"line":398,"column":1}}]},"43":{"type":"branch","line":397,"loc":{"start":{"line":397,"column":22},"end":{"line":397,"column":50}},"locations":[{"start":{"line":397,"column":22},"end":{"line":397,"column":50}}]}},"b":{"0":[4],"1":[4],"2":[0],"3":[128],"4":[16],"5":[1],"6":[1],"7":[15],"8":[15],"9":[5],"10":[1],"11":[4],"12":[3],"13":[4],"14":[3],"15":[3],"16":[0],"17":[1],"18":[0],"19":[0],"20":[0],"21":[0],"22":[2],"23":[1],"24":[1],"25":[0],"26":[0],"27":[1],"28":[0],"29":[0],"30":[3],"31":[0],"32":[2],"33":[1],"34":[2],"35":[1],"36":[1],"37":[2],"38":[0],"39":[5],"40":[4],"41":[2],"42":[2],"43":[2]},"fnMap":{"0":{"name":"generateMandateId","decl":{"start":{"line":62,"column":0},"end":{"line":66,"column":1}},"loc":{"start":{"line":62,"column":0},"end":{"line":66,"column":1}},"line":62},"1":{"name":"createAuditHash","decl":{"start":{"line":71,"column":0},"end":{"line":80,"column":1}},"loc":{"start":{"line":71,"column":0},"end":{"line":80,"column":1}},"line":71},"2":{"name":"createSardisLangChainTools","decl":{"start":{"line":89,"column":7},"end":{"line":386,"column":1}},"loc":{"start":{"line":89,"column":7},"end":{"line":386,"column":1}},"line":89},"3":{"name":"func","decl":{"start":{"line":129,"column":18},"end":{"line":207,"column":13}},"loc":{"start":{"line":129,"column":18},"end":{"line":207,"column":13}},"line":129},"4":{"name":"func","decl":{"start":{"line":227,"column":18},"end":{"line":259,"column":13}},"loc":{"start":{"line":227,"column":18},"end":{"line":259,"column":13}},"line":227},"5":{"name":"func","decl":{"start":{"line":269,"column":18},"end":{"line":298,"column":13}},"loc":{"start":{"line":269,"column":18},"end":{"line":298,"column":13}},"line":269},"6":{"name":"func","decl":{"start":{"line":322,"column":18},"end":{"line":381,"column":13}},"loc":{"start":{"line":322,"column":18},"end":{"line":381,"column":13}},"line":322},"7":{"name":"createSardisPaymentTool","decl":{"start":{"line":392,"column":7},"end":{"line":398,"column":1}},"loc":{"start":{"line":392,"column":7},"end":{"line":398,"column":1}},"line":392}},"f":{"0":4,"1":4,"2":16,"3":5,"4":2,"5":1,"6":3,"7":2}}
[...]
,"/Users/efebarandurmaz/Desktop/sardis/packages/sardis-sdk-js/src/resources/wallets.ts": {"path":"/Users/efebarandurmaz/Desktop/sardis/packages/sardis-sdk-js/src/resources/wallets.ts","all":false,"statementMap":{"0":{"start":{"line":1,"column":0},"end":{"line":1,"column":3}},"1":{"start":{"line":2,"column":0},"end":{"line":2,"column":19}},"2":{"start":{"line":3,"column":0},"end":{"line":3,"column":3}},"3":{"start":{"line":4,"column":0},"end":{"line":4,"column":44}},"4":{"start":{"line":5,"column":0},"end":{"line":5,"column":66}},"5":{"start":{"line":6,"column":0},"end":{"line":6,"column":3}},"6":{"start":{"line":7,"column":0},"end":{"line":7,"column":0}},"7":{"start":{"line":8,"column":0},"end":{"line":8,"column":41}},"8":{"start":{"line":9,"column":0},"end":{"line":9,"column":13}},"9":{"start":{"line":10,"column":0},"end":{"line":10,"column":9}},"10":{"start":{"line":11,"column":0},"end":{"line":11,"column":16}},"11":{"start":{"line":12,"column":0},"end":{"line":12,"column":20}},"12":{"start":{"line":13,"column":0},"end":{"line":13,"column":18}},"13":{"start":{"line":14,"column":0},"end":{"line":14,"column":21}},"14":{"start":{"line":15,"column":0},"end":{"line":15,"column":0}},"15":{"start":{"line":16,"column":0},"end":{"line":16,"column":51}},"16":{"start":{"line":17,"column":0},"end":{"line":17,"column":5}},"17":{"start":{"line":18,"column":0},"end":{"line":18,"column":52}},"18":{"start":{"line":19,"column":0},"end":{"line":19,"column":5}},"19":{"start":{"line":20,"column":0},"end":{"line":20,"column":44}},"20":{"start":{"line":21,"column":0},"end":{"line":21,"column":28}},"21":{"start":{"line":22,"column":0},"end":{"line":22,"column":5}},"22":{"start":{"line":23,"column":0},"end":{"line":23,"column":59}},"23":{"start":{"line":24,"column":0},"end":{"line":24,"column":56}},"24":{"start":{"line":25,"column":0},"end":{"line":25,"column":3}},"25":{"start":{"line":26,"column":0},"end":{"line":26,"column":0}},"26":{"start":{"line":27,"column":0},"end":{"line":27,"column":5}},"27":{"start":{"line":28,"column":0},"end":{"line":28,"column":24}},"28":{"start":{"line":29,"column":0},"end":{"line":29,"column":5}},"29":{"start":{"line":30,"column":0},"end":{"line":30,"column":30}},"30":{"start":{"line":31,"column":0},"end":{"line":31,"column":28}},"31":{"start":{"line":32,"column":0},"end":{"line":32,"column":5}},"32":{"start":{"line":33,"column":0},"end":{"line":33,"column":48}},"33":{"start":{"line":34,"column":0},"end":{"line":34,"column":60}},"34":{"start":{"line":35,"column":0},"end":{"line":35,"column":3}},"35":{"start":{"line":36,"column":0},"end":{"line":36,"column":0}},"36":{"start":{"line":37,"column":0},"end":{"line":37,"column":5}},"37":{"start":{"line":38,"column":0},"end":{"line":38,"column":18}},"38":{"start":{"line":39,"column":0},"end":{"line":39,"column":5}},"39":{"start":{"line":40,"column":0},"end":{"line":40,"column":44}},"40":{"start":{"line":41,"column":0},"end":{"line":41,"column":53}},"41":{"start":{"line":42,"column":0},"end":{"line":42,"column":29}},"42":{"start":{"line":43,"column":0},"end":{"line":43,"column":5}},"43":{"start":{"line":44,"column":0},"end":{"line":44,"column":72}},"44":{"start":{"line":45,"column":0},"end":{"line":45,"column":54}},"45":{"start":{"line":46,"column":0},"end":{"line":46,"column":18}},"46":{"start":{"line":47,"column":0},"end":{"line":47,"column":32}},"47":{"start":{"line":48,"column":0},"end":{"line":48,"column":5}},"48":{"start":{"line":49,"column":0},"end":{"line":49,"column":58}},"49":{"start":{"line":50,"column":0},"end":{"line":50,"column":3}},"50":{"start":{"line":51,"column":0},"end":{"line":51,"column":0}},"51":{"start":{"line":52,"column":0},"end":{"line":52,"column":5}},"52":{"start":{"line":53,"column":0},"end":{"line":53,"column":62}},"53":{"start":{"line":54,"column":0},"end":{"line":54,"column":5}},"54":{"start":{"line":55,"column":0},"end":{"line":55,"column":30}},"55":{"start":{"line":56,"column":0},"end":{"line":56,"column":60}},"56":{"start":{"line":57,"column":0},"end":{"line":57,"column":53}},"57":{"start":{"line":58,"column":0},"end":{"line":58,"column":39}},"58":{"start":{"line":59,"column":0},"end":{"line":59,"column":5}},"59":{"start":{"line":60,"column":0},"end":{"line":60,"column":19}},"60":{"start":{"line":61,"column":0},"end":{"line":61,"column":21}},"61":{"start":{"line":62,"column":0},"end":{"line":62,"column":27}},"62":{"start":{"line":63,"column":0},"end":{"line":63,"column":26}},"63":{"start":{"line":64,"column":0},"end":{"line":64,"column":29}},"64":{"start":{"line":65,"column":0},"end":{"line":65,"column":76}},"65":{"start":{"line":66,"column":0},"end":{"line":66,"column":12}},"66":{"start":{"line":67,"column":0},"end":{"line":67,"column":12}},"67":{"start":{"line":68,"column":0},"end":{"line":68,"column":7}},"68":{"start":{"line":69,"column":0},"end":{"line":69,"column":3}},"69":{"start":{"line":70,"column":0},"end":{"line":70,"column":0}},"70":{"start":{"line":71,"column":0},"end":{"line":71,"column":5}},"71":{"start":{"line":72,"column":0},"end":{"line":72,"column":57}},"72":{"start":{"line":73,"column":0},"end":{"line":73,"column":5}},"73":{"start":{"line":74,"column":0},"end":{"line":74,"column":30}},"74":{"start":{"line":75,"column":0},"end":{"line":75,"column":57}},"75":{"start":{"line":76,"column":0},"end":{"line":76,"column":5}},"76":{"start":{"line":77,"column":0},"end":{"line":77,"column":73}},"77":{"start":{"line":78,"column":0},"end":{"line":78,"column":45}},"78":{"start":{"line":79,"column":0},"end":{"line":79,"column":45}},"79":{"start":{"line":80,"column":0},"end":{"line":80,"column":6}},"80":{"start":{"line":81,"column":0},"end":{"line":81,"column":3}},"81":{"start":{"line":82,"column":0},"end":{"line":82,"column":0}},"82":{"start":{"line":83,"column":0},"end":{"line":83,"column":5}},"83":{"start":{"line":84,"column":0},"end":{"line":84,"column":36}},"84":{"start":{"line":85,"column":0},"end":{"line":85,"column":5}},"85":{"start":{"line":86,"column":0},"end":{"line":86,"column":30}},"86":{"start":{"line":87,"column":0},"end":{"line":87,"column":37}},"87":{"start":{"line":88,"column":0},"end":{"line":88,"column":28}},"88":{"start":{"line":89,"column":0},"end":{"line":89,"column":5}},"89":{"start":{"line":90,"column":0},"end":{"line":90,"column":19}},"90":{"start":{"line":91,"column":0},"end":{"line":91,"column":21}},"91":{"start":{"line":92,"column":0},"end":{"line":92,"column":26}},"92":{"start":{"line":93,"column":0},"end":{"line":93,"column":22}},"93":{"start":{"line":94,"column":0},"end":{"line":94,"column":30}},"94":{"start":{"line":95,"column":0},"end":{"line":95,"column":46}},"95":{"start":{"line":96,"column":0},"end":{"line":96,"column":11}},"96":{"start":{"line":97,"column":0},"end":{"line":97,"column":6}},"97":{"start":{"line":98,"column":0},"end":{"line":98,"column":3}},"98":{"start":{"line":99,"column":0},"end":{"line":99,"column":1}}},"s":{"0":1,"1":1,"2":1,"3":1,"4":1,"5":1,"6":1,"7":1,"8":1,"9":1,"10":1,"11":1,"12":1,"13":1,"14":1,"15":1,"16":1,"17":1,"18":1,"19":1,"20":1,"21":1,"22":1,"23":2,"24":2,"25":1,"26":1,"27":1,"28":1,"29":1,"30":1,"31":1,"32":1,"33":11,"34":11,"35":1,"36":1,"37":1,"38":1,"39":1,"40":1,"41":1,"42":1,"43":1,"44":3,"45":3,"46":1,"47":1,"48":3,"49":3,"50":1,"51":1,"52":1,"53":1,"54":1,"55":1,"56":1,"57":1,"58":1,"59":1,"60":11,"61":11,"62":11,"63":11,"64":11,"65":11,"66":11,"67":11,"68":11,"69":1,"70":1,"71":1,"72":1,"73":1,"74":1,"75":1,"76":1,"77":1,"78":1,"79":1,"80":1,"81":1,"82":1,"83":1,"84":1,"85":1,"86":1,"87":1,"88":1,"89":1,"90":2,"91":2,"92":2,"93":2,"94":2,"95":2,"96":2,"97":2,"98":1},"branchMap":{"0":{"type":"branch","line":23,"loc":{"start":{"line":23,"column":2},"end":{"line":25,"column":3}},"locations":[{"start":{"line":23,"column":2},"end":{"line":25,"column":3}}]},"1":{"type":"branch","line":33,"loc":{"start":{"line":33,"column":2},"end":{"line":35,"column":3}},"locations":[{"start":{"line":33,"column":2},"end":{"line":35,"column":3}}]},"2":{"type":"branch","line":44,"loc":{"start":{"line":44,"column":2},"end":{"line":50,"column":3}},"locations":[{"start":{"line":44,"column":2},"end":{"line":50,"column":3}}]},"3":{"type":"branch","line":46,"loc":{"start":{"line":46,"column":17},"end":{"line":48,"column":5}},"locations":[{"start":{"line":46,"column":17},"end":{"line":48,"column":5}}]},"4":{"type":"branch","line":60,"loc":{"start":{"line":60,"column":2},"end":{"line":69,"column":3}},"locations":[{"start":{"line":60,"column":2},"end":{"line":69,"column":3}}]},"5":{"type":"branch","line":77,"loc":{"start":{"line":77,"column":2},"end":{"line":81,"column":3}},"locations":[{"start":{"line":77,"column":2},"end":{"line":81,"column":3}}]},"6":{"type":"branch","line":90,"loc":{"start":{"line":90,"column":2},"end":{"line":98,"column":3}},"locations":[{"start":{"line":90,"column":2},"end":{"line":98,"column":3}}]}},"b":{"0":[2],"1":[11],"2":[3],"3":[1],"4":[11],"5":[1],"6":[2]},"fnMap":{"0":{"name":"create","decl":{"start":{"line":23,"column":2},"end":{"line":25,"column":3}},"loc":{"start":{"line":23,"column":2},"end":{"line":25,"column":3}},"line":23},"1":{"name":"get","decl":{"start":{"line":33,"column":2},"end":{"line":35,"column":3}},"loc":{"start":{"line":33,"column":2},"end":{"line":35,"column":3}},"line":33},"2":{"name":"list","decl":{"start":{"line":44,"column":2},"end":{"line":50,"column":3}},"loc":{"start":{"line":44,"column":2},"end":{"line":50,"column":3}},"line":44},"3":{"name":"getBalance","decl":{"start":{"line":60,"column":2},"end":{"line":69,"column":3}},"loc":{"start":{"line":60,"column":2},"end":{"line":69,"column":3}},"line":60},"4":{"name":"getAddresses","decl":{"start":{"line":77,"column":2},"end":{"line":81,"column":3}},"loc":{"start":{"line":77,"column":2},"end":{"line":81,"column":3}},"line":77},"5":{"name":"setAddress","decl":{"start":{"line":90,"column":2},"end":{"line":98,"column":3}},"loc":{"start":{"line":90,"column":2},"end":{"line":98,"column":3}},"line":90}},"f":{"0":2,"1":11,"2":3,"3":11,"4":1,"5":2}}
,"/Users/efebarandurmaz/Desktop/sardis/packages/sardis-sdk-js/src/resources/webhooks.ts": {"path":"/Users/efebarandurmaz/Desktop/sardis/packages/sardis-sdk-js/src/resources/webhooks.ts","all":false,"statementMap":{"0":{"start":{"line":1,"column":0},"end":{"line":1,"column":3}},"1":{"start":{"line":2,"column":0},"end":{"line":2,"column":20}},"2":{"start":{"line":3,"column":0},"end":{"line":3,"column":3}},"3":{"start":{"line":4,"column":0},"end":{"line":4,"column":0}},"4":{"start":{"line":5,"column":0},"end":{"line":5,"column":41}},"5":{"start":{"line":6,"column":0},"end":{"line":6,"column":100}},"6":{"start":{"line":7,"column":0},"end":{"line":7,"column":0}},"7":{"start":{"line":8,"column":0},"end":{"line":8,"column":52}},"8":{"start":{"line":9,"column":0},"end":{"line":9,"column":5}},"9":{"start":{"line":10,"column":0},"end":{"line":10,"column":43}},"10":{"start":{"line":11,"column":0},"end":{"line":11,"column":5}},"11":{"start":{"line":12,"column":0},"end":{"line":12,"column":45}},"12":{"start":{"line":13,"column":0},"end":{"line":13,"column":96}},"13":{"start":{"line":14,"column":0},"end":{"line":14,"column":38}},"14":{"start":{"line":15,"column":0},"end":{"line":15,"column":3}},"15":{"start":{"line":16,"column":0},"end":{"line":16,"column":0}},"16":{"start":{"line":17,"column":0},"end":{"line":17,"column":5}},"17":{"start":{"line":18,"column":0},"end":{"line":18,"column":34}},"18":{"start":{"line":19,"column":0},"end":{"line":19,"column":5}},"19":{"start":{"line":20,"column":0},"end":{"line":20,"column":61}},"20":{"start":{"line":21,"column":0},"end":{"line":21,"column":58}},"21":{"start":{"line":22,"column":0},"end":{"line":22,"column":3}},"22":{"start":{"line":23,"column":0},"end":{"line":23,"column":0}},"23":{"start":{"line":24,"column":0},"end":{"line":24,"column":5}},"24":{"start":{"line":25,"column":0},"end":{"line":25,"column":35}},"25":{"start":{"line":26,"column":0},"end":{"line":26,"column":5}},"26":{"start":{"line":27,"column":0},"end":{"line":27,"column":36}},"27":{"start":{"line":28,"column":0},"end":{"line":28,"column":82}},"28":{"start":{"line":29,"column":0},"end":{"line":29,"column":35}},"29":{"start":{"line":30,"column":0},"end":{"line":30,"column":3}},"30":{"start":{"line":31,"column":0},"end":{"line":31,"column":0}},"31":{"start":{"line":32,"column":0},"end":{"line":32,"column":5}},"32":{"start":{"line":33,"column":0},"end":{"line":33,"column":37}},"33":{"start":{"line":34,"column":0},"end":{"line":34,"column":5}},"34":{"start":{"line":35,"column":0},"end":{"line":35,"column":54}},"35":{"start":{"line":36,"column":0},"end":{"line":36,"column":63}},"36":{"start":{"line":37,"column":0},"end":{"line":37,"column":3}},"37":{"start":{"line":38,"column":0},"end":{"line":38,"column":0}},"38":{"start":{"line":39,"column":0},"end":{"line":39,"column":5}},"39":{"start":{"line":40,"column":0},"end":{"line":40,"column":34}},"40":{"start":{"line":41,"column":0},"end":{"line":41,"column":5}},"41":{"start":{"line":42,"column":0},"end":{"line":42,"column":80}},"42":{"start":{"line":43,"column":0},"end":{"line":43,"column":72}},"43":{"start":{"line":44,"column":0},"end":{"line":44,"column":3}},"44":{"start":{"line":45,"column":0},"end":{"line":45,"column":0}},"45":{"start":{"line":46,"column":0},"end":{"line":46,"column":5}},"46":{"start":{"line":47,"column":0},"end":{"line":47,"column":34}},"47":{"start":{"line":48,"column":0},"end":{"line":48,"column":5}},"48":{"start":{"line":49,"column":0},"end":{"line":49,"column":50}},"49":{"start":{"line":50,"column":0},"end":{"line":50,"column":56}},"50":{"start":{"line":51,"column":0},"end":{"line":51,"column":3}},"51":{"start":{"line":52,"column":0},"end":{"line":52,"column":0}},"52":{"start":{"line":53,"column":0},"end":{"line":53,"column":5}},"53":{"start":{"line":54,"column":0},"end":{"line":54,"column":35}},"54":{"start":{"line":55,"column":0},"end":{"line":55,"column":5}},"55":{"start":{"line":56,"column":0},"end":{"line":56,"column":59}},"56":{"start":{"line":57,"column":0},"end":{"line":57,"column":81}},"57":{"start":{"line":58,"column":0},"end":{"line":58,"column":3}},"58":{"start":{"line":59,"column":0},"end":{"line":59,"column":0}},"59":{"start":{"line":60,"column":0},"end":{"line":60,"column":5}},"60":{"start":{"line":61,"column":0},"end":{"line":61,"column":41}},"61":{"start":{"line":62,"column":0},"end":{"line":62,"column":5}},"62":{"start":{"line":63,"column":0},"end":{"line":63,"column":91}},"63":{"start":{"line":64,"column":0},"end":{"line":64,"column":72}},"64":{"start":{"line":65,"column":0},"end":{"line":65,"column":49}},"65":{"start":{"line":66,"column":0},"end":{"line":66,"column":15}},"66":{"start":{"line":67,"column":0},"end":{"line":67,"column":6}},"67":{"start":{"line":68,"column":0},"end":{"line":68,"column":37}},"68":{"start":{"line":69,"column":0},"end":{"line":69,"column":3}},"69":{"start":{"line":70,"column":0},"end":{"line":70,"column":0}},"70":{"start":{"line":71,"column":0},"end":{"line":71,"column":5}},"71":{"start":{"line":72,"column":0},"end":{"line":72,"column":38}},"72":{"start":{"line":73,"column":0},"end":{"line":73,"column":5}},"73":{"start":{"line":74,"column":0},"end":{"line":74,"column":70}},"74":{"start":{"line":75,"column":0},"end":{"line":75,"column":93}},"75":{"start":{"line":76,"column":0},"end":{"line":76,"column":3}},"76":{"start":{"line":77,"column":0},"end":{"line":77,"column":1}}},"s":{"0":1,"1":1,"2":1,"3":1,"4":1,"5":1,"6":1,"7":1,"8":1,"9":1,"10":1,"11":1,"12":1,"13":1,"14":1,"15":1,"16":1,"17":1,"18":1,"19":1,"20":2,"21":2,"22":1,"23":1,"24":1,"25":1,"26":1,"27":2,"28":2,"29":2,"30":1,"31":1,"32":1,"33":1,"34":1,"35":1,"36":1,"37":1,"38":1,"39":1,"40":1,"41":1,"42":3,"43":3,"44":1,"45":1,"46":1,"47":1,"48":1,"49":1,"50":1,"51":1,"52":1,"53":1,"54":1,"55":1,"56":1,"57":1,"58":1,"59":1,"60":1,"61":1,"62":1,"63":2,"64":2,"65":2,"66":2,"67":2,"68":2,"69":1,"70":1,"71":1,"72":1,"73":1,"74":1,"75":1,"76":1},"branchMap":{"0":{"type":"branch","line":12,"loc":{"start":{"line":12,"column":2},"end":{"line":15,"column":3}},"locations":[{"start":{"line":12,"column":2},"end":{"line":15,"column":3}}]},"1":{"type":"branch","line":14,"loc":{"start":{"line":14,"column":20},"end":{"line":14,"column":38}},"locations":[{"start":{"line":14,"column":20},"end":{"line":14,"column":38}}]},"2":{"type":"branch","line":20,"loc":{"start":{"line":20,"column":2},"end":{"line":22,"column":3}},"locations":[{"start":{"line":20,"column":2},"end":{"line":22,"column":3}}]},"3":{"type":"branch","line":27,"loc":{"start":{"line":27,"column":2},"end":{"line":30,"column":3}},"locations":[{"start":{"line":27,"column":2},"end":{"line":30,"column":3}}]},"4":{"type":"branch","line":29,"loc":{"start":{"line":29,"column":20},"end":{"line":29,"column":35}},"locations":[{"start":{"line":29,"column":20},"end":{"line":29,"column":35}}]},"5":{"type":"branch","line":35,"loc":{"start":{"line":35,"column":2},"end":{"line":37,"column":3}},"locations":[{"start":{"line":35,"column":2},"end":{"line":37,"column":3}}]},"6":{"type":"branch","line":42,"loc":{"start":{"line":42,"column":2},"end":{"line":44,"column":3}},"locations":[{"start":{"line":42,"column":2},"end":{"line":44,"column":3}}]},"7":{"type":"branch","line":49,"loc":{"start":{"line":49,"column":2},"end":{"line":51,"column":3}},"locations":[{"start":{"line":49,"column":2},"end":{"line":51,"column":3}}]},"8":{"type":"branch","line":56,"loc":{"start":{"line":56,"column":2},"end":{"line":58,"column":3}},"locations":[{"start":{"line":56,"column":2},"end":{"line":58,"column":3}}]},"9":{"type":"branch","line":63,"loc":{"start":{"line":63,"column":2},"end":{"line":69,"column":3}},"locations":[{"start":{"line":63,"column":2},"end":{"line":69,"column":3}}]},"10":{"type":"branch","line":68,"loc":{"start":{"line":68,"column":20},"end":{"line":68,"column":37}},"locations":[{"start":{"line":68,"column":20},"end":{"line":68,"column":37}}]},"11":{"type":"branch","line":74,"loc":{"start":{"line":74,"column":2},"end":{"line":76,"column":3}},"locations":[{"start":{"line":74,"column":2},"end":{"line":76,"column":3}}]}},"b":{"0":[1],"1":[0],"2":[2],"3":[2],"4":[0],"5":[1],"6":[3],"7":[1],"8":[1],"9":[2],"10":[0],"11":[1]},"fnMap":{"0":{"name":"listEventTypes","decl":{"start":{"line":12,"column":2},"end":{"line":15,"column":3}},"loc":{"start":{"line":12,"column":2},"end":{"line":15,"column":3}},"line":12},"1":{"name":"create","decl":{"start":{"line":20,"column":2},"end":{"line":22,"column":3}},"loc":{"start":{"line":20,"column":2},"end":{"line":22,"column":3}},"line":20},"2":{"name":"list","decl":{"start":{"line":27,"column":2},"end":{"line":30,"column":3}},"loc":{"start":{"line":27,"column":2},"end":{"line":30,"column":3}},"line":27},"3":{"name":"getById","decl":{"start":{"line":35,"column":2},"end":{"line":37,"column":3}},"loc":{"start":{"line":35,"column":2},"end":{"line":37,"column":3}},"line":35},"4":{"name":"update","decl":{"start":{"line":42,"column":2},"end":{"line":44,"column":3}},"loc":{"start":{"line":42,"column":2},"end":{"line":44,"column":3}},"line":42},"5":{"name":"delete","decl":{"start":{"line":49,"column":2},"end":{"line":51,"column":3}},"loc":{"start":{"line":49,"column":2},"end":{"line":51,"column":3}},"line":49},"6":{"name":"test","decl":{"start":{"line":56,"column":2},"end":{"line":58,"column":3}},"loc":{"start":{"line":56,"column":2},"end":{"line":58,"column":3}},"line":56},"7":{"name":"listDeliveries","decl":{"start":{"line":63,"column":2},"end":{"line":69,"column":3}},"loc":{"start":{"line":63,"column":2},"end":{"line":69,"column":3}},"line":63},"8":{"name":"rotateSecret","decl":{"start":{"line":74,"column":2},"end":{"line":76,"column":3}},"loc":{"start":{"line":74,"column":2},"end":{"line":76,"column":3}},"line":74}},"f":{"0":1,"1":2,"2":2,"3":1,"4":3,"5":1,"6":1,"7":2,"8":1}}
}
